2023-08-11 10:01:40.454 INFO  [][] [main] c.m.b.m.core.MyBlogApplication:55 - Starting MyBlogApplication using Java 1.8.0_311 on LAPTOP-VDID7VDB with PID 16224 (E:\java\myblog\target\classes started by 历川 in E:\java\myblog)
2023-08-11 10:01:40.456 INFO  [][] [main] c.m.b.m.core.MyBlogApplication:634 - No active profile set, falling back to 1 default profile: "default"
2023-08-11 10:01:42.068 WARN  [][] [main] o.s.b.a.t.ThymeleafAutoConfiguration$DefaultTemplateResolverConfiguration:103 - Cannot find template location: classpath:/templates/ (please add some templates, check your Thymeleaf configuration, or set spring.thymeleaf.check-template-location=false)
2023-08-11 10:01:42.221 INFO  [][] [main] c.m.b.m.core.MyBlogApplication:61 - Started MyBlogApplication in 2.059 seconds (JVM running for 3.02)
2023-08-11 10:01:46.622 INFO  [][] [http-nio-28083-exec-3] c.m.b.m.c.config.WebLogAspect:41 - ========================================== Start ==========================================
2023-08-11 10:01:46.623 INFO  [][] [http-nio-28083-exec-3] c.m.b.m.c.config.WebLogAspect:43 - URL            : http://localhost:28083/admin/login
2023-08-11 10:01:46.623 INFO  [][] [http-nio-28083-exec-3] c.m.b.m.c.config.WebLogAspect:45 - HTTP Method    : POST
2023-08-11 10:01:46.624 INFO  [][] [http-nio-28083-exec-3] c.m.b.m.c.config.WebLogAspect:47 - Class Method   : com.muyi.blog.my.core.controller.admin.AdminController.login
2023-08-11 10:01:46.625 INFO  [][] [http-nio-28083-exec-3] c.m.b.m.c.config.WebLogAspect:49 - IP             : 0:0:0:0:0:0:0:1
2023-08-11 10:01:46.625 INFO  [][] [http-nio-28083-exec-3] c.m.b.m.c.config.WebLogAspect:51 - Request Args   : LoginUserVo(username=admin, password=666666, verifyCode=666666)
2023-08-11 10:01:46.628 INFO  [][] [http-nio-28083-exec-3] c.m.b.m.c.config.WebLogAspect:59 - =========================================== End ===========================================
2023-08-11 10:01:46.628 INFO  [][] [http-nio-28083-exec-3] c.m.b.m.c.config.WebLogAspect:61 - 
2023-08-11 10:01:46.674 INFO  [][] [http-nio-28083-exec-3] c.m.b.m.c.config.WebLogAspect:74 - Response Args  : {"msg":"验证码错误","code":500,"success":false}
2023-08-11 10:01:46.675 INFO  [][] [http-nio-28083-exec-3] c.m.b.m.c.config.WebLogAspect:76 - Time-Consuming : 53 ms
2023-08-11 10:01:56.096 INFO  [][] [http-nio-28083-exec-2] c.m.b.m.c.config.WebLogAspect:41 - ========================================== Start ==========================================
2023-08-11 10:01:56.096 INFO  [][] [http-nio-28083-exec-2] c.m.b.m.c.config.WebLogAspect:43 - URL            : http://localhost:28083/admin/login
2023-08-11 10:01:56.097 INFO  [][] [http-nio-28083-exec-2] c.m.b.m.c.config.WebLogAspect:45 - HTTP Method    : POST
2023-08-11 10:01:56.097 INFO  [][] [http-nio-28083-exec-2] c.m.b.m.c.config.WebLogAspect:47 - Class Method   : com.muyi.blog.my.core.controller.admin.AdminController.login
2023-08-11 10:01:56.097 INFO  [][] [http-nio-28083-exec-2] c.m.b.m.c.config.WebLogAspect:49 - IP             : 0:0:0:0:0:0:0:1
2023-08-11 10:01:56.097 INFO  [][] [http-nio-28083-exec-2] c.m.b.m.c.config.WebLogAspect:51 - Request Args   : LoginUserVo(username=admin, password=666666, verifyCode=123456)
2023-08-11 10:01:56.114 WARN  [][] [http-nio-28083-exec-2] com.zaxxer.hikari.HikariConfig:1084 - hikariCP - idleTimeout is close to or more than maxLifetime, disabling it.
2023-08-11 10:01:56.115 INFO  [][] [http-nio-28083-exec-2] c.z.hikari.HikariDataSource:110 - hikariCP - Starting...
2023-08-11 10:01:56.236 INFO  [][] [http-nio-28083-exec-2] c.z.hikari.HikariDataSource:123 - hikariCP - Start completed.
2023-08-11 10:01:56.271 INFO  [][] [http-nio-28083-exec-2] c.m.b.m.c.config.WebLogAspect:59 - =========================================== End ===========================================
2023-08-11 10:01:56.272 INFO  [][] [http-nio-28083-exec-2] c.m.b.m.c.config.WebLogAspect:61 - 
2023-08-11 10:01:56.274 INFO  [][] [http-nio-28083-exec-2] c.m.b.m.c.config.WebLogAspect:74 - Response Args  : {"msg":"登录成功","code":200,"data":{"adminUserId":1,"loginUserName":"admin","nickName":"木易","loginPassword":"f379eaf3c831b04de153469d1bec345e","locked":0},"success":true}
2023-08-11 10:01:56.274 INFO  [][] [http-nio-28083-exec-2] c.m.b.m.c.config.WebLogAspect:76 - Time-Consuming : 178 ms
2023-08-11 10:10:50.597 INFO  [][] [main] c.m.b.m.core.MyBlogApplication:55 - Starting MyBlogApplication using Java 1.8.0_311 on LAPTOP-VDID7VDB with PID 20900 (E:\java\myblog\target\classes started by 历川 in E:\java\myblog)
2023-08-11 10:10:50.600 INFO  [][] [main] c.m.b.m.core.MyBlogApplication:634 - No active profile set, falling back to 1 default profile: "default"
2023-08-11 10:10:52.038 WARN  [][] [main] o.s.b.a.t.ThymeleafAutoConfiguration$DefaultTemplateResolverConfiguration:103 - Cannot find template location: classpath:/templates/ (please add some templates, check your Thymeleaf configuration, or set spring.thymeleaf.check-template-location=false)
2023-08-11 10:10:52.187 INFO  [][] [main] c.m.b.m.core.MyBlogApplication:61 - Started MyBlogApplication in 1.836 seconds (JVM running for 2.788)
2023-08-11 10:10:55.406 INFO  [][] [http-nio-28083-exec-2] c.m.b.m.c.config.WebLogAspect:41 - ========================================== Start ==========================================
2023-08-11 10:10:55.407 INFO  [][] [http-nio-28083-exec-2] c.m.b.m.c.config.WebLogAspect:43 - URL            : http://localhost:28083/admin/login
2023-08-11 10:10:55.409 INFO  [][] [http-nio-28083-exec-2] c.m.b.m.c.config.WebLogAspect:45 - HTTP Method    : POST
2023-08-11 10:10:55.411 INFO  [][] [http-nio-28083-exec-2] c.m.b.m.c.config.WebLogAspect:47 - Class Method   : com.muyi.blog.my.core.controller.admin.AdminController.login
2023-08-11 10:10:55.411 INFO  [][] [http-nio-28083-exec-2] c.m.b.m.c.config.WebLogAspect:49 - IP             : 0:0:0:0:0:0:0:1
2023-08-11 10:10:55.412 INFO  [][] [http-nio-28083-exec-2] c.m.b.m.c.config.WebLogAspect:51 - Request Args   : LoginUserVo(username=admin, password=666666, verifyCode=123456)
2023-08-11 10:10:55.439 WARN  [][] [http-nio-28083-exec-2] com.zaxxer.hikari.HikariConfig:1084 - hikariCP - idleTimeout is close to or more than maxLifetime, disabling it.
2023-08-11 10:10:55.440 INFO  [][] [http-nio-28083-exec-2] c.z.hikari.HikariDataSource:110 - hikariCP - Starting...
2023-08-11 10:10:55.549 INFO  [][] [http-nio-28083-exec-2] c.z.hikari.HikariDataSource:123 - hikariCP - Start completed.
2023-08-11 10:10:55.580 INFO  [][] [http-nio-28083-exec-2] c.m.b.m.c.config.WebLogAspect:59 - =========================================== End ===========================================
2023-08-11 10:10:55.580 INFO  [][] [http-nio-28083-exec-2] c.m.b.m.c.config.WebLogAspect:61 - 
2023-08-11 10:10:55.624 INFO  [][] [http-nio-28083-exec-2] c.m.b.m.c.config.WebLogAspect:74 - Response Args  : {"msg":"登录成功","code":200,"data":{"adminUserId":1,"loginUserName":"admin","nickName":"木易","loginPassword":"f379eaf3c831b04de153469d1bec345e","locked":0},"success":true}
2023-08-11 10:10:55.626 INFO  [][] [http-nio-28083-exec-2] c.m.b.m.c.config.WebLogAspect:76 - Time-Consuming : 220 ms
2023-08-11 10:17:40.542 INFO  [][] [http-nio-28083-exec-6] c.m.b.m.c.config.WebLogAspect:41 - ========================================== Start ==========================================
2023-08-11 10:17:40.542 INFO  [][] [http-nio-28083-exec-6] c.m.b.m.c.config.WebLogAspect:43 - URL            : http://localhost:28083/admin/blogs/save
2023-08-11 10:17:40.543 INFO  [][] [http-nio-28083-exec-6] c.m.b.m.c.config.WebLogAspect:45 - HTTP Method    : POST
2023-08-11 10:17:40.543 INFO  [][] [http-nio-28083-exec-6] c.m.b.m.c.config.WebLogAspect:47 - Class Method   : com.muyi.blog.my.core.controller.admin.BlogController.save
2023-08-11 10:17:40.543 INFO  [][] [http-nio-28083-exec-6] c.m.b.m.c.config.WebLogAspect:49 - IP             : 0:0:0:0:0:0:0:1
2023-08-11 10:17:40.543 INFO  [][] [http-nio-28083-exec-6] c.m.b.m.c.config.WebLogAspect:51 - Request Args   : BlogVo(blogTitle=<剑来>, blogSubUrl=123, blogCategoryId=20, blogTags=世界上有一个很可爱的人,现在这个人就在看这句话, blogContent=剑来于2018年正式登录地球online, blogCoverImage=剑来, blogStatus=null, enableComment=null)
2023-08-11 10:17:40.554 INFO  [][] [http-nio-28083-exec-6] c.m.b.m.c.config.WebLogAspect:59 - =========================================== End ===========================================
2023-08-11 10:17:40.554 INFO  [][] [http-nio-28083-exec-6] c.m.b.m.c.config.WebLogAspect:61 - 
2023-08-11 10:17:40.555 INFO  [][] [http-nio-28083-exec-6] c.m.b.m.c.config.WebLogAspect:74 - Response Args  : {"msg":"请输入文章内容","code":500,"success":false}
2023-08-11 10:17:40.555 INFO  [][] [http-nio-28083-exec-6] c.m.b.m.c.config.WebLogAspect:76 - Time-Consuming : 13 ms
2023-08-11 10:19:19.783 INFO  [][] [SpringApplicationShutdownHook] c.z.hikari.HikariDataSource:350 - hikariCP - Shutdown initiated...
2023-08-11 10:19:19.787 INFO  [][] [SpringApplicationShutdownHook] c.z.hikari.HikariDataSource:352 - hikariCP - Shutdown completed.
2023-08-11 10:19:25.345 INFO  [][] [main] c.m.b.m.core.MyBlogApplication:55 - Starting MyBlogApplication using Java 1.8.0_311 on LAPTOP-VDID7VDB with PID 3100 (E:\java\myblog\target\classes started by 历川 in E:\java\myblog)
2023-08-11 10:19:25.347 INFO  [][] [main] c.m.b.m.core.MyBlogApplication:634 - No active profile set, falling back to 1 default profile: "default"
2023-08-11 10:19:26.729 WARN  [][] [main] o.s.b.a.t.ThymeleafAutoConfiguration$DefaultTemplateResolverConfiguration:103 - Cannot find template location: classpath:/templates/ (please add some templates, check your Thymeleaf configuration, or set spring.thymeleaf.check-template-location=false)
2023-08-11 10:19:26.887 INFO  [][] [main] c.m.b.m.core.MyBlogApplication:61 - Started MyBlogApplication in 1.783 seconds (JVM running for 2.681)
2023-08-11 10:19:32.814 INFO  [][] [http-nio-28083-exec-1] c.m.b.m.c.config.WebLogAspect:41 - ========================================== Start ==========================================
2023-08-11 10:19:32.815 INFO  [][] [http-nio-28083-exec-1] c.m.b.m.c.config.WebLogAspect:43 - URL            : http://localhost:28083/admin/login
2023-08-11 10:19:32.816 INFO  [][] [http-nio-28083-exec-1] c.m.b.m.c.config.WebLogAspect:45 - HTTP Method    : POST
2023-08-11 10:19:32.816 INFO  [][] [http-nio-28083-exec-1] c.m.b.m.c.config.WebLogAspect:47 - Class Method   : com.muyi.blog.my.core.controller.admin.AdminController.login
2023-08-11 10:19:32.817 INFO  [][] [http-nio-28083-exec-1] c.m.b.m.c.config.WebLogAspect:49 - IP             : 0:0:0:0:0:0:0:1
2023-08-11 10:19:32.817 INFO  [][] [http-nio-28083-exec-1] c.m.b.m.c.config.WebLogAspect:51 - Request Args   : LoginUserVo(username=admin, password=666666, verifyCode=123456)
2023-08-11 10:19:32.834 WARN  [][] [http-nio-28083-exec-1] com.zaxxer.hikari.HikariConfig:1084 - hikariCP - idleTimeout is close to or more than maxLifetime, disabling it.
2023-08-11 10:19:32.834 INFO  [][] [http-nio-28083-exec-1] c.z.hikari.HikariDataSource:110 - hikariCP - Starting...
2023-08-11 10:19:32.933 INFO  [][] [http-nio-28083-exec-1] c.z.hikari.HikariDataSource:123 - hikariCP - Start completed.
2023-08-11 10:19:32.965 INFO  [][] [http-nio-28083-exec-1] c.m.b.m.c.config.WebLogAspect:59 - =========================================== End ===========================================
2023-08-11 10:19:32.966 INFO  [][] [http-nio-28083-exec-1] c.m.b.m.c.config.WebLogAspect:61 - 
2023-08-11 10:19:33.007 INFO  [][] [http-nio-28083-exec-1] c.m.b.m.c.config.WebLogAspect:74 - Response Args  : {"msg":"登录成功","code":200,"data":{"adminUserId":1,"loginUserName":"admin","nickName":"木易","loginPassword":"f379eaf3c831b04de153469d1bec345e","locked":0},"success":true}
2023-08-11 10:19:33.008 INFO  [][] [http-nio-28083-exec-1] c.m.b.m.c.config.WebLogAspect:76 - Time-Consuming : 194 ms
2023-08-11 10:19:49.631 INFO  [][] [http-nio-28083-exec-3] c.m.b.m.c.config.WebLogAspect:41 - ========================================== Start ==========================================
2023-08-11 10:19:49.631 INFO  [][] [http-nio-28083-exec-3] c.m.b.m.c.config.WebLogAspect:43 - URL            : http://localhost:28083/admin/blogs/save
2023-08-11 10:19:49.631 INFO  [][] [http-nio-28083-exec-3] c.m.b.m.c.config.WebLogAspect:45 - HTTP Method    : POST
2023-08-11 10:19:49.632 INFO  [][] [http-nio-28083-exec-3] c.m.b.m.c.config.WebLogAspect:47 - Class Method   : com.muyi.blog.my.core.controller.admin.BlogController.save
2023-08-11 10:19:49.632 INFO  [][] [http-nio-28083-exec-3] c.m.b.m.c.config.WebLogAspect:49 - IP             : 0:0:0:0:0:0:0:1
2023-08-11 10:19:49.632 INFO  [][] [http-nio-28083-exec-3] c.m.b.m.c.config.WebLogAspect:51 - Request Args   : BlogVo(blogTitle=<剑来>, blogSubUrl=123, blogCategoryId=20, blogTags=世界上有一个很可爱的人,现在这个人就在看这句话, blogContent=剑来于2018年正式登录地球online, blogCoverImage=剑来, blogStatus=null, enableComment=null)
2023-08-11 10:19:49.707 INFO  [][] [http-nio-28083-exec-3] c.m.b.m.c.config.WebLogAspect:59 - =========================================== End ===========================================
2023-08-11 10:19:49.707 INFO  [][] [http-nio-28083-exec-3] c.m.b.m.c.config.WebLogAspect:61 - 
2023-08-11 10:19:49.707 INFO  [][] [http-nio-28083-exec-3] c.m.b.m.c.config.WebLogAspect:74 - Response Args  : {"msg":"保存成功","code":200,"success":true}
2023-08-11 10:19:49.708 INFO  [][] [http-nio-28083-exec-3] c.m.b.m.c.config.WebLogAspect:76 - Time-Consuming : 77 ms
2023-08-11 10:23:07.959 INFO  [][] [SpringApplicationShutdownHook] c.z.hikari.HikariDataSource:350 - hikariCP - Shutdown initiated...
2023-08-11 10:23:07.961 INFO  [][] [SpringApplicationShutdownHook] c.z.hikari.HikariDataSource:352 - hikariCP - Shutdown completed.
2023-08-11 15:54:49.217 INFO  [][] [main] c.m.b.m.core.MyBlogApplication:55 - Starting MyBlogApplication using Java 1.8.0_311 on LAPTOP-VDID7VDB with PID 12284 (E:\java\myblog\target\classes started by 历川 in E:\java\myblog)
2023-08-11 15:54:49.220 INFO  [][] [main] c.m.b.m.core.MyBlogApplication:634 - No active profile set, falling back to 1 default profile: "default"
2023-08-11 15:54:50.850 WARN  [][] [main] o.s.b.a.t.ThymeleafAutoConfiguration$DefaultTemplateResolverConfiguration:103 - Cannot find template location: classpath:/templates/ (please add some templates, check your Thymeleaf configuration, or set spring.thymeleaf.check-template-location=false)
2023-08-11 15:54:51.000 INFO  [][] [main] c.m.b.m.core.MyBlogApplication:61 - Started MyBlogApplication in 2.048 seconds (JVM running for 2.966)
2023-08-11 15:54:54.591 INFO  [][] [http-nio-28083-exec-2] c.m.b.m.c.config.WebLogAspect:41 - ========================================== Start ==========================================
2023-08-11 15:54:54.592 INFO  [][] [http-nio-28083-exec-2] c.m.b.m.c.config.WebLogAspect:43 - URL            : http://localhost:28083/admin/login
2023-08-11 15:54:54.593 INFO  [][] [http-nio-28083-exec-2] c.m.b.m.c.config.WebLogAspect:45 - HTTP Method    : POST
2023-08-11 15:54:54.594 INFO  [][] [http-nio-28083-exec-2] c.m.b.m.c.config.WebLogAspect:47 - Class Method   : com.muyi.blog.my.core.controller.admin.AdminController.login
2023-08-11 15:54:54.594 INFO  [][] [http-nio-28083-exec-2] c.m.b.m.c.config.WebLogAspect:49 - IP             : 0:0:0:0:0:0:0:1
2023-08-11 15:54:54.594 INFO  [][] [http-nio-28083-exec-2] c.m.b.m.c.config.WebLogAspect:51 - Request Args   : LoginUserVo(username=admin, password=666666, verifyCode=123456)
2023-08-11 15:54:54.612 WARN  [][] [http-nio-28083-exec-2] com.zaxxer.hikari.HikariConfig:1084 - hikariCP - idleTimeout is close to or more than maxLifetime, disabling it.
2023-08-11 15:54:54.612 INFO  [][] [http-nio-28083-exec-2] c.z.hikari.HikariDataSource:110 - hikariCP - Starting...
2023-08-11 15:54:54.802 INFO  [][] [http-nio-28083-exec-2] c.z.hikari.HikariDataSource:123 - hikariCP - Start completed.
2023-08-11 15:54:54.853 INFO  [][] [http-nio-28083-exec-2] c.m.b.m.c.config.WebLogAspect:59 - =========================================== End ===========================================
2023-08-11 15:54:54.853 INFO  [][] [http-nio-28083-exec-2] c.m.b.m.c.config.WebLogAspect:61 - 
2023-08-11 15:54:54.900 INFO  [][] [http-nio-28083-exec-2] c.m.b.m.c.config.WebLogAspect:74 - Response Args  : {"msg":"登录成功","code":200,"data":{"adminUserId":1,"loginUserName":"admin","nickName":"木易","loginPassword":"f379eaf3c831b04de153469d1bec345e","locked":0},"success":true}
2023-08-11 15:54:54.901 INFO  [][] [http-nio-28083-exec-2] c.m.b.m.c.config.WebLogAspect:76 - Time-Consuming : 310 ms
2023-08-11 15:56:04.907 INFO  [][] [http-nio-28083-exec-4] c.m.b.m.c.config.WebLogAspect:41 - ========================================== Start ==========================================
2023-08-11 15:56:04.907 INFO  [][] [http-nio-28083-exec-4] c.m.b.m.c.config.WebLogAspect:43 - URL            : http://localhost:28083/admin/category/list
2023-08-11 15:56:04.907 INFO  [][] [http-nio-28083-exec-4] c.m.b.m.c.config.WebLogAspect:45 - HTTP Method    : GET
2023-08-11 15:56:04.908 INFO  [][] [http-nio-28083-exec-4] c.m.b.m.c.config.WebLogAspect:47 - Class Method   : com.muyi.blog.my.core.controller.admin.CategoryController.list
2023-08-11 15:56:04.908 INFO  [][] [http-nio-28083-exec-4] c.m.b.m.c.config.WebLogAspect:49 - IP             : 0:0:0:0:0:0:0:1
2023-08-11 15:56:04.908 INFO  [][] [http-nio-28083-exec-4] c.m.b.m.c.config.WebLogAspect:51 - Request Args   : {page=1, limit=1}
2023-08-11 15:56:04.945 INFO  [][] [http-nio-28083-exec-4] c.m.b.m.c.config.WebLogAspect:59 - =========================================== End ===========================================
2023-08-11 15:56:04.945 INFO  [][] [http-nio-28083-exec-4] c.m.b.m.c.config.WebLogAspect:61 - 
2023-08-11 15:56:04.949 INFO  [][] [http-nio-28083-exec-4] c.m.b.m.c.config.WebLogAspect:74 - Response Args  : {"msg":"查询成功！！！","code":200,"data":{"currPage":1,"totalPage":3,"pageSize":1,"list":[{"isDeleted":0,"categoryIcon":"/admin/dist/img/category/06.png","createTime":1542019401000,"categoryRank":22,"categoryName":"日常随笔","categoryId":24}],"totalCount":3},"success":true}
2023-08-11 15:56:04.950 INFO  [][] [http-nio-28083-exec-4] c.m.b.m.c.config.WebLogAspect:76 - Time-Consuming : 43 ms
2023-08-11 15:56:21.550 INFO  [][] [SpringApplicationShutdownHook] c.z.hikari.HikariDataSource:350 - hikariCP - Shutdown initiated...
2023-08-11 15:56:21.553 INFO  [][] [SpringApplicationShutdownHook] c.z.hikari.HikariDataSource:352 - hikariCP - Shutdown completed.
2023-08-11 16:18:32.567 INFO  [][] [main] c.m.b.m.core.MyBlogApplication:55 - Starting MyBlogApplication using Java 1.8.0_311 on LAPTOP-VDID7VDB with PID 23096 (E:\java\myblog\target\classes started by 历川 in E:\java\myblog)
2023-08-11 16:18:32.569 INFO  [][] [main] c.m.b.m.core.MyBlogApplication:634 - No active profile set, falling back to 1 default profile: "default"
2023-08-11 16:18:33.941 WARN  [][] [main] o.s.b.a.t.ThymeleafAutoConfiguration$DefaultTemplateResolverConfiguration:103 - Cannot find template location: classpath:/templates/ (please add some templates, check your Thymeleaf configuration, or set spring.thymeleaf.check-template-location=false)
2023-08-11 16:18:34.085 INFO  [][] [main] c.m.b.m.core.MyBlogApplication:61 - Started MyBlogApplication in 1.756 seconds (JVM running for 2.629)
2023-08-11 16:18:37.527 INFO  [][] [http-nio-28083-exec-1] c.m.b.m.c.config.WebLogAspect:41 - ========================================== Start ==========================================
2023-08-11 16:18:37.528 INFO  [][] [http-nio-28083-exec-1] c.m.b.m.c.config.WebLogAspect:43 - URL            : http://localhost:28083/admin/login
2023-08-11 16:18:37.528 INFO  [][] [http-nio-28083-exec-1] c.m.b.m.c.config.WebLogAspect:45 - HTTP Method    : POST
2023-08-11 16:18:37.529 INFO  [][] [http-nio-28083-exec-1] c.m.b.m.c.config.WebLogAspect:47 - Class Method   : com.muyi.blog.my.core.controller.admin.AdminController.login
2023-08-11 16:18:37.529 INFO  [][] [http-nio-28083-exec-1] c.m.b.m.c.config.WebLogAspect:49 - IP             : 0:0:0:0:0:0:0:1
2023-08-11 16:18:37.529 INFO  [][] [http-nio-28083-exec-1] c.m.b.m.c.config.WebLogAspect:51 - Request Args   : LoginUserVo(username=admin, password=666666, verifyCode=123456)
2023-08-11 16:18:37.545 WARN  [][] [http-nio-28083-exec-1] com.zaxxer.hikari.HikariConfig:1084 - hikariCP - idleTimeout is close to or more than maxLifetime, disabling it.
2023-08-11 16:18:37.545 INFO  [][] [http-nio-28083-exec-1] c.z.hikari.HikariDataSource:110 - hikariCP - Starting...
2023-08-11 16:18:37.647 INFO  [][] [http-nio-28083-exec-1] c.z.hikari.HikariDataSource:123 - hikariCP - Start completed.
2023-08-11 16:18:37.676 INFO  [][] [http-nio-28083-exec-1] c.m.b.m.c.config.WebLogAspect:59 - =========================================== End ===========================================
2023-08-11 16:18:37.677 INFO  [][] [http-nio-28083-exec-1] c.m.b.m.c.config.WebLogAspect:61 - 
2023-08-11 16:18:37.718 INFO  [][] [http-nio-28083-exec-1] c.m.b.m.c.config.WebLogAspect:74 - Response Args  : {"msg":"登录成功","code":200,"data":{"adminUserId":1,"loginUserName":"admin","nickName":"木易","loginPassword":"f379eaf3c831b04de153469d1bec345e","locked":0},"success":true}
2023-08-11 16:18:37.719 INFO  [][] [http-nio-28083-exec-1] c.m.b.m.c.config.WebLogAspect:76 - Time-Consuming : 192 ms
2023-08-11 16:19:11.125 INFO  [][] [http-nio-28083-exec-6] c.m.b.m.c.config.WebLogAspect:41 - ========================================== Start ==========================================
2023-08-11 16:19:11.125 INFO  [][] [http-nio-28083-exec-6] c.m.b.m.c.config.WebLogAspect:43 - URL            : http://localhost:28083/admin/category/save
2023-08-11 16:19:11.125 INFO  [][] [http-nio-28083-exec-6] c.m.b.m.c.config.WebLogAspect:45 - HTTP Method    : POST
2023-08-11 16:19:11.126 INFO  [][] [http-nio-28083-exec-6] c.m.b.m.c.config.WebLogAspect:47 - Class Method   : com.muyi.blog.my.core.controller.admin.CategoryController.save
2023-08-11 16:19:11.126 INFO  [][] [http-nio-28083-exec-6] c.m.b.m.c.config.WebLogAspect:49 - IP             : 0:0:0:0:0:0:0:1
2023-08-11 16:19:11.126 INFO  [][] [http-nio-28083-exec-6] c.m.b.m.c.config.WebLogAspect:51 - Request Args   : CategoryVo(categoryName=小说, categoryIcon=test)
2023-08-11 16:19:11.176 INFO  [][] [http-nio-28083-exec-6] c.m.b.m.c.config.WebLogAspect:59 - =========================================== End ===========================================
2023-08-11 16:19:11.176 INFO  [][] [http-nio-28083-exec-6] c.m.b.m.c.config.WebLogAspect:61 - 
2023-08-11 16:19:11.176 INFO  [][] [http-nio-28083-exec-6] c.m.b.m.c.config.WebLogAspect:74 - Response Args  : {"msg":"添加完成！！！","code":200,"success":true}
2023-08-11 16:19:11.177 INFO  [][] [http-nio-28083-exec-6] c.m.b.m.c.config.WebLogAspect:76 - Time-Consuming : 52 ms
2023-08-11 16:19:57.585 INFO  [][] [SpringApplicationShutdownHook] c.z.hikari.HikariDataSource:350 - hikariCP - Shutdown initiated...
2023-08-11 16:19:57.588 INFO  [][] [SpringApplicationShutdownHook] c.z.hikari.HikariDataSource:352 - hikariCP - Shutdown completed.
2023-08-11 16:43:21.751 INFO  [][] [main] c.m.b.m.core.MyBlogApplication:55 - Starting MyBlogApplication using Java 1.8.0_311 on LAPTOP-VDID7VDB with PID 29248 (E:\java\myblog\target\classes started by 历川 in E:\java\myblog)
2023-08-11 16:43:21.753 INFO  [][] [main] c.m.b.m.core.MyBlogApplication:634 - No active profile set, falling back to 1 default profile: "default"
2023-08-11 16:43:23.353 WARN  [][] [main] o.s.b.a.t.ThymeleafAutoConfiguration$DefaultTemplateResolverConfiguration:103 - Cannot find template location: classpath:/templates/ (please add some templates, check your Thymeleaf configuration, or set spring.thymeleaf.check-template-location=false)
2023-08-11 16:43:23.511 INFO  [][] [main] c.m.b.m.core.MyBlogApplication:61 - Started MyBlogApplication in 2.044 seconds (JVM running for 3.014)
2023-08-11 16:43:29.338 INFO  [][] [http-nio-28083-exec-2] c.m.b.m.c.config.WebLogAspect:41 - ========================================== Start ==========================================
2023-08-11 16:43:29.339 INFO  [][] [http-nio-28083-exec-2] c.m.b.m.c.config.WebLogAspect:43 - URL            : http://localhost:28083/admin/login
2023-08-11 16:43:29.340 INFO  [][] [http-nio-28083-exec-2] c.m.b.m.c.config.WebLogAspect:45 - HTTP Method    : POST
2023-08-11 16:43:29.341 INFO  [][] [http-nio-28083-exec-2] c.m.b.m.c.config.WebLogAspect:47 - Class Method   : com.muyi.blog.my.core.controller.admin.AdminController.login
2023-08-11 16:43:29.341 INFO  [][] [http-nio-28083-exec-2] c.m.b.m.c.config.WebLogAspect:49 - IP             : 0:0:0:0:0:0:0:1
2023-08-11 16:43:29.341 INFO  [][] [http-nio-28083-exec-2] c.m.b.m.c.config.WebLogAspect:51 - Request Args   : LoginUserVo(username=admin, password=666666, verifyCode=123456)
2023-08-11 16:43:29.359 WARN  [][] [http-nio-28083-exec-2] com.zaxxer.hikari.HikariConfig:1084 - hikariCP - idleTimeout is close to or more than maxLifetime, disabling it.
2023-08-11 16:43:29.359 INFO  [][] [http-nio-28083-exec-2] c.z.hikari.HikariDataSource:110 - hikariCP - Starting...
2023-08-11 16:43:29.479 INFO  [][] [http-nio-28083-exec-2] c.z.hikari.HikariDataSource:123 - hikariCP - Start completed.
2023-08-11 16:43:29.529 INFO  [][] [http-nio-28083-exec-2] c.m.b.m.c.config.WebLogAspect:59 - =========================================== End ===========================================
2023-08-11 16:43:29.529 INFO  [][] [http-nio-28083-exec-2] c.m.b.m.c.config.WebLogAspect:61 - 
2023-08-11 16:43:29.582 INFO  [][] [http-nio-28083-exec-2] c.m.b.m.c.config.WebLogAspect:74 - Response Args  : {"msg":"登录成功","code":200,"data":{"adminUserId":1,"loginUserName":"admin","nickName":"木易","loginPassword":"f379eaf3c831b04de153469d1bec345e","locked":0},"success":true}
2023-08-11 16:43:29.583 INFO  [][] [http-nio-28083-exec-2] c.m.b.m.c.config.WebLogAspect:76 - Time-Consuming : 245 ms
2023-08-11 16:44:45.142 INFO  [][] [http-nio-28083-exec-7] c.m.b.m.c.config.WebLogAspect:41 - ========================================== Start ==========================================
2023-08-11 16:44:45.143 INFO  [][] [http-nio-28083-exec-7] c.m.b.m.c.config.WebLogAspect:43 - URL            : http://localhost:28083/admin/category/update
2023-08-11 16:44:45.143 INFO  [][] [http-nio-28083-exec-7] c.m.b.m.c.config.WebLogAspect:45 - HTTP Method    : PUT
2023-08-11 16:44:45.143 INFO  [][] [http-nio-28083-exec-7] c.m.b.m.c.config.WebLogAspect:47 - Class Method   : com.muyi.blog.my.core.controller.admin.CategoryController.update
2023-08-11 16:44:45.143 INFO  [][] [http-nio-28083-exec-7] c.m.b.m.c.config.WebLogAspect:49 - IP             : 0:0:0:0:0:0:0:1
2023-08-11 16:44:45.144 INFO  [][] [http-nio-28083-exec-7] c.m.b.m.c.config.WebLogAspect:51 - Request Args   : BlogCategory(categoryId=25, categoryName=小说, categoryIcon=txt, categoryRank=null, isDeleted=null, createTime=null)
2023-08-11 16:44:45.208 INFO  [][] [http-nio-28083-exec-7] c.m.b.m.c.config.WebLogAspect:59 - =========================================== End ===========================================
2023-08-11 16:44:45.208 INFO  [][] [http-nio-28083-exec-7] c.m.b.m.c.config.WebLogAspect:61 - 
2023-08-11 16:44:45.208 INFO  [][] [http-nio-28083-exec-7] c.m.b.m.c.config.WebLogAspect:74 - Response Args  : {"msg":"更新成功","code":200,"success":true}
2023-08-11 16:44:45.208 INFO  [][] [http-nio-28083-exec-7] c.m.b.m.c.config.WebLogAspect:76 - Time-Consuming : 66 ms
2023-08-11 16:45:51.035 INFO  [][] [SpringApplicationShutdownHook] c.z.hikari.HikariDataSource:350 - hikariCP - Shutdown initiated...
2023-08-11 16:45:51.037 INFO  [][] [SpringApplicationShutdownHook] c.z.hikari.HikariDataSource:352 - hikariCP - Shutdown completed.
2023-08-11 16:55:53.834 INFO  [][] [main] c.m.b.m.core.MyBlogApplication:55 - Starting MyBlogApplication using Java 1.8.0_311 on LAPTOP-VDID7VDB with PID 16744 (E:\java\myblog\target\classes started by 历川 in E:\java\myblog)
2023-08-11 16:55:53.836 INFO  [][] [main] c.m.b.m.core.MyBlogApplication:634 - No active profile set, falling back to 1 default profile: "default"
2023-08-11 16:55:55.279 WARN  [][] [main] o.s.b.a.t.ThymeleafAutoConfiguration$DefaultTemplateResolverConfiguration:103 - Cannot find template location: classpath:/templates/ (please add some templates, check your Thymeleaf configuration, or set spring.thymeleaf.check-template-location=false)
2023-08-11 16:55:55.441 INFO  [][] [main] c.m.b.m.core.MyBlogApplication:61 - Started MyBlogApplication in 1.842 seconds (JVM running for 2.715)
2023-08-11 16:56:16.547 INFO  [][] [http-nio-28083-exec-3] c.m.b.m.c.config.WebLogAspect:41 - ========================================== Start ==========================================
2023-08-11 16:56:16.547 INFO  [][] [http-nio-28083-exec-3] c.m.b.m.c.config.WebLogAspect:43 - URL            : http://localhost:28083/admin/login
2023-08-11 16:56:16.548 INFO  [][] [http-nio-28083-exec-3] c.m.b.m.c.config.WebLogAspect:45 - HTTP Method    : POST
2023-08-11 16:56:16.549 INFO  [][] [http-nio-28083-exec-3] c.m.b.m.c.config.WebLogAspect:47 - Class Method   : com.muyi.blog.my.core.controller.admin.AdminController.login
2023-08-11 16:56:16.549 INFO  [][] [http-nio-28083-exec-3] c.m.b.m.c.config.WebLogAspect:49 - IP             : 0:0:0:0:0:0:0:1
2023-08-11 16:56:16.549 INFO  [][] [http-nio-28083-exec-3] c.m.b.m.c.config.WebLogAspect:51 - Request Args   : LoginUserVo(username=admin, password=666666, verifyCode=123456)
2023-08-11 16:56:16.565 WARN  [][] [http-nio-28083-exec-3] com.zaxxer.hikari.HikariConfig:1084 - hikariCP - idleTimeout is close to or more than maxLifetime, disabling it.
2023-08-11 16:56:16.565 INFO  [][] [http-nio-28083-exec-3] c.z.hikari.HikariDataSource:110 - hikariCP - Starting...
2023-08-11 16:56:16.672 INFO  [][] [http-nio-28083-exec-3] c.z.hikari.HikariDataSource:123 - hikariCP - Start completed.
2023-08-11 16:56:16.698 INFO  [][] [http-nio-28083-exec-3] c.m.b.m.c.config.WebLogAspect:59 - =========================================== End ===========================================
2023-08-11 16:56:16.698 INFO  [][] [http-nio-28083-exec-3] c.m.b.m.c.config.WebLogAspect:61 - 
2023-08-11 16:56:16.746 INFO  [][] [http-nio-28083-exec-3] c.m.b.m.c.config.WebLogAspect:74 - Response Args  : {"msg":"登录成功","code":200,"data":{"adminUserId":1,"loginUserName":"admin","nickName":"木易","loginPassword":"f379eaf3c831b04de153469d1bec345e","locked":0},"success":true}
2023-08-11 16:56:16.747 INFO  [][] [http-nio-28083-exec-3] c.m.b.m.c.config.WebLogAspect:76 - Time-Consuming : 200 ms
2023-08-11 16:57:44.392 INFO  [][] [http-nio-28083-exec-6] c.m.b.m.c.config.WebLogAspect:41 - ========================================== Start ==========================================
2023-08-11 16:57:44.392 INFO  [][] [http-nio-28083-exec-6] c.m.b.m.c.config.WebLogAspect:43 - URL            : http://localhost:28083/admin/category/delete
2023-08-11 16:57:44.392 INFO  [][] [http-nio-28083-exec-6] c.m.b.m.c.config.WebLogAspect:45 - HTTP Method    : DELETE
2023-08-11 16:57:44.392 INFO  [][] [http-nio-28083-exec-6] c.m.b.m.c.config.WebLogAspect:47 - Class Method   : com.muyi.blog.my.core.controller.admin.CategoryController.delete
2023-08-11 16:57:44.392 INFO  [][] [http-nio-28083-exec-6] c.m.b.m.c.config.WebLogAspect:49 - IP             : 0:0:0:0:0:0:0:1
2023-08-11 16:57:44.392 INFO  [][] [http-nio-28083-exec-6] c.m.b.m.c.config.WebLogAspect:51 - Request Args   : [25]
2023-08-11 16:57:44.423 INFO  [][] [http-nio-28083-exec-6] c.m.b.m.c.config.WebLogAspect:59 - =========================================== End ===========================================
2023-08-11 16:57:44.423 INFO  [][] [http-nio-28083-exec-6] c.m.b.m.c.config.WebLogAspect:61 - 
2023-08-11 16:58:28.438 INFO  [][] [SpringApplicationShutdownHook] c.z.hikari.HikariDataSource:350 - hikariCP - Shutdown initiated...
2023-08-11 16:58:28.440 INFO  [][] [SpringApplicationShutdownHook] c.z.hikari.HikariDataSource:352 - hikariCP - Shutdown completed.
2023-08-11 16:58:30.948 INFO  [][] [main] c.m.b.m.core.MyBlogApplication:55 - Starting MyBlogApplication using Java 1.8.0_311 on LAPTOP-VDID7VDB with PID 23120 (E:\java\myblog\target\classes started by 历川 in E:\java\myblog)
2023-08-11 16:58:30.950 INFO  [][] [main] c.m.b.m.core.MyBlogApplication:634 - No active profile set, falling back to 1 default profile: "default"
2023-08-11 16:58:32.477 WARN  [][] [main] o.s.b.a.t.ThymeleafAutoConfiguration$DefaultTemplateResolverConfiguration:103 - Cannot find template location: classpath:/templates/ (please add some templates, check your Thymeleaf configuration, or set spring.thymeleaf.check-template-location=false)
2023-08-11 16:58:32.623 INFO  [][] [main] c.m.b.m.core.MyBlogApplication:61 - Started MyBlogApplication in 1.919 seconds (JVM running for 2.827)
2023-08-11 16:58:46.411 INFO  [][] [http-nio-28083-exec-1] c.m.b.m.c.config.WebLogAspect:41 - ========================================== Start ==========================================
2023-08-11 16:58:46.411 INFO  [][] [http-nio-28083-exec-1] c.m.b.m.c.config.WebLogAspect:43 - URL            : http://localhost:28083/admin/login
2023-08-11 16:58:46.412 INFO  [][] [http-nio-28083-exec-1] c.m.b.m.c.config.WebLogAspect:45 - HTTP Method    : POST
2023-08-11 16:58:46.413 INFO  [][] [http-nio-28083-exec-1] c.m.b.m.c.config.WebLogAspect:47 - Class Method   : com.muyi.blog.my.core.controller.admin.AdminController.login
2023-08-11 16:58:46.413 INFO  [][] [http-nio-28083-exec-1] c.m.b.m.c.config.WebLogAspect:49 - IP             : 0:0:0:0:0:0:0:1
2023-08-11 16:58:46.413 INFO  [][] [http-nio-28083-exec-1] c.m.b.m.c.config.WebLogAspect:51 - Request Args   : LoginUserVo(username=admin, password=666666, verifyCode=123456)
2023-08-11 16:58:46.428 WARN  [][] [http-nio-28083-exec-1] com.zaxxer.hikari.HikariConfig:1084 - hikariCP - idleTimeout is close to or more than maxLifetime, disabling it.
2023-08-11 16:58:46.429 INFO  [][] [http-nio-28083-exec-1] c.z.hikari.HikariDataSource:110 - hikariCP - Starting...
2023-08-11 16:58:46.527 INFO  [][] [http-nio-28083-exec-1] c.z.hikari.HikariDataSource:123 - hikariCP - Start completed.
2023-08-11 16:58:46.559 INFO  [][] [http-nio-28083-exec-1] c.m.b.m.c.config.WebLogAspect:59 - =========================================== End ===========================================
2023-08-11 16:58:46.559 INFO  [][] [http-nio-28083-exec-1] c.m.b.m.c.config.WebLogAspect:61 - 
2023-08-11 16:58:46.603 INFO  [][] [http-nio-28083-exec-1] c.m.b.m.c.config.WebLogAspect:74 - Response Args  : {"msg":"登录成功","code":200,"data":{"adminUserId":1,"loginUserName":"admin","nickName":"木易","loginPassword":"f379eaf3c831b04de153469d1bec345e","locked":0},"success":true}
2023-08-11 16:58:46.604 INFO  [][] [http-nio-28083-exec-1] c.m.b.m.c.config.WebLogAspect:76 - Time-Consuming : 193 ms
2023-08-11 16:58:59.124 INFO  [][] [http-nio-28083-exec-2] c.m.b.m.c.config.WebLogAspect:41 - ========================================== Start ==========================================
2023-08-11 16:58:59.126 INFO  [][] [http-nio-28083-exec-2] c.m.b.m.c.config.WebLogAspect:43 - URL            : http://localhost:28083/admin/category/delete
2023-08-11 16:58:59.126 INFO  [][] [http-nio-28083-exec-2] c.m.b.m.c.config.WebLogAspect:45 - HTTP Method    : DELETE
2023-08-11 16:58:59.126 INFO  [][] [http-nio-28083-exec-2] c.m.b.m.c.config.WebLogAspect:47 - Class Method   : com.muyi.blog.my.core.controller.admin.CategoryController.delete
2023-08-11 16:58:59.126 INFO  [][] [http-nio-28083-exec-2] c.m.b.m.c.config.WebLogAspect:49 - IP             : 0:0:0:0:0:0:0:1
2023-08-11 16:58:59.126 INFO  [][] [http-nio-28083-exec-2] c.m.b.m.c.config.WebLogAspect:51 - Request Args   : [25]
2023-08-11 16:58:59.153 INFO  [][] [http-nio-28083-exec-2] c.m.b.m.c.config.WebLogAspect:59 - =========================================== End ===========================================
2023-08-11 16:58:59.153 INFO  [][] [http-nio-28083-exec-2] c.m.b.m.c.config.WebLogAspect:61 - 
2023-08-11 16:58:59.154 INFO  [][] [http-nio-28083-exec-2] c.m.b.m.c.config.WebLogAspect:74 - Response Args  : {"msg":"删除成功！！！","code":200,"success":true}
2023-08-11 16:58:59.154 INFO  [][] [http-nio-28083-exec-2] c.m.b.m.c.config.WebLogAspect:76 - Time-Consuming : 30 ms
2023-08-11 16:59:20.006 INFO  [][] [SpringApplicationShutdownHook] c.z.hikari.HikariDataSource:350 - hikariCP - Shutdown initiated...
2023-08-11 16:59:20.008 INFO  [][] [SpringApplicationShutdownHook] c.z.hikari.HikariDataSource:352 - hikariCP - Shutdown completed.
2023-08-11 17:18:55.685 INFO  [][] [main] c.m.b.m.core.MyBlogApplication:55 - Starting MyBlogApplication using Java 1.8.0_311 on LAPTOP-VDID7VDB with PID 16248 (E:\java\myblog\target\classes started by 历川 in E:\java\myblog)
2023-08-11 17:18:55.688 INFO  [][] [main] c.m.b.m.core.MyBlogApplication:634 - No active profile set, falling back to 1 default profile: "default"
2023-08-11 17:18:57.126 WARN  [][] [main] o.s.b.a.t.ThymeleafAutoConfiguration$DefaultTemplateResolverConfiguration:103 - Cannot find template location: classpath:/templates/ (please add some templates, check your Thymeleaf configuration, or set spring.thymeleaf.check-template-location=false)
2023-08-11 17:18:57.280 INFO  [][] [main] c.m.b.m.core.MyBlogApplication:61 - Started MyBlogApplication in 1.843 seconds (JVM running for 2.73)
2023-08-11 17:22:04.246 INFO  [][] [http-nio-28083-exec-1] c.m.b.m.c.config.WebLogAspect:41 - ========================================== Start ==========================================
2023-08-11 17:22:04.246 INFO  [][] [http-nio-28083-exec-1] c.m.b.m.c.config.WebLogAspect:43 - URL            : http://localhost:28083/admin/login
2023-08-11 17:22:04.247 INFO  [][] [http-nio-28083-exec-1] c.m.b.m.c.config.WebLogAspect:45 - HTTP Method    : POST
2023-08-11 17:22:04.248 INFO  [][] [http-nio-28083-exec-1] c.m.b.m.c.config.WebLogAspect:47 - Class Method   : com.muyi.blog.my.core.controller.admin.AdminController.login
2023-08-11 17:22:04.248 INFO  [][] [http-nio-28083-exec-1] c.m.b.m.c.config.WebLogAspect:49 - IP             : 0:0:0:0:0:0:0:1
2023-08-11 17:22:04.248 INFO  [][] [http-nio-28083-exec-1] c.m.b.m.c.config.WebLogAspect:51 - Request Args   : LoginUserVo(username=admin, password=666666, verifyCode=123456)
2023-08-11 17:22:04.263 WARN  [][] [http-nio-28083-exec-1] com.zaxxer.hikari.HikariConfig:1084 - hikariCP - idleTimeout is close to or more than maxLifetime, disabling it.
2023-08-11 17:22:04.264 INFO  [][] [http-nio-28083-exec-1] c.z.hikari.HikariDataSource:110 - hikariCP - Starting...
2023-08-11 17:22:04.360 INFO  [][] [http-nio-28083-exec-1] c.z.hikari.HikariDataSource:123 - hikariCP - Start completed.
2023-08-11 17:22:04.390 INFO  [][] [http-nio-28083-exec-1] c.m.b.m.c.config.WebLogAspect:59 - =========================================== End ===========================================
2023-08-11 17:22:04.391 INFO  [][] [http-nio-28083-exec-1] c.m.b.m.c.config.WebLogAspect:61 - 
2023-08-11 17:22:04.434 INFO  [][] [http-nio-28083-exec-1] c.m.b.m.c.config.WebLogAspect:74 - Response Args  : {"msg":"登录成功","code":200,"data":{"adminUserId":1,"loginUserName":"admin","nickName":"木易","loginPassword":"f379eaf3c831b04de153469d1bec345e","locked":0},"success":true}
2023-08-11 17:22:04.435 INFO  [][] [http-nio-28083-exec-1] c.m.b.m.c.config.WebLogAspect:76 - Time-Consuming : 189 ms
2023-08-11 17:22:59.553 INFO  [][] [http-nio-28083-exec-4] c.m.b.m.c.config.WebLogAspect:41 - ========================================== Start ==========================================
2023-08-11 17:22:59.553 INFO  [][] [http-nio-28083-exec-4] c.m.b.m.c.config.WebLogAspect:43 - URL            : http://localhost:28083/admin/comments/list
2023-08-11 17:22:59.553 INFO  [][] [http-nio-28083-exec-4] c.m.b.m.c.config.WebLogAspect:45 - HTTP Method    : GET
2023-08-11 17:22:59.553 INFO  [][] [http-nio-28083-exec-4] c.m.b.m.c.config.WebLogAspect:47 - Class Method   : com.muyi.blog.my.core.controller.admin.CommentController.list
2023-08-11 17:22:59.554 INFO  [][] [http-nio-28083-exec-4] c.m.b.m.c.config.WebLogAspect:49 - IP             : 0:0:0:0:0:0:0:1
2023-08-11 17:22:59.554 INFO  [][] [http-nio-28083-exec-4] c.m.b.m.c.config.WebLogAspect:51 - Request Args   : {page=1, limit=1}
2023-08-11 17:22:59.579 INFO  [][] [http-nio-28083-exec-4] c.m.b.m.c.config.WebLogAspect:59 - =========================================== End ===========================================
2023-08-11 17:22:59.580 INFO  [][] [http-nio-28083-exec-4] c.m.b.m.c.config.WebLogAspect:61 - 
2023-08-11 17:22:59.581 INFO  [][] [http-nio-28083-exec-4] c.m.b.m.c.config.WebLogAspect:74 - Response Args  : {"msg":"查询成功!!!","code":200,"data":{"currPage":1,"totalPage":1,"pageSize":1,"list":[],"totalCount":1},"success":true}
2023-08-11 17:22:59.592 INFO  [][] [http-nio-28083-exec-4] c.m.b.m.c.config.WebLogAspect:76 - Time-Consuming : 39 ms
2023-08-11 17:24:38.894 INFO  [][] [SpringApplicationShutdownHook] c.z.hikari.HikariDataSource:350 - hikariCP - Shutdown initiated...
2023-08-11 17:24:38.896 INFO  [][] [SpringApplicationShutdownHook] c.z.hikari.HikariDataSource:352 - hikariCP - Shutdown completed.
2023-08-11 17:24:45.219 INFO  [][] [main] c.m.b.m.core.MyBlogApplication:55 - Starting MyBlogApplication using Java 1.8.0_311 on LAPTOP-VDID7VDB with PID 7868 (E:\java\myblog\target\classes started by 历川 in E:\java\myblog)
2023-08-11 17:24:45.221 INFO  [][] [main] c.m.b.m.core.MyBlogApplication:634 - No active profile set, falling back to 1 default profile: "default"
2023-08-11 17:24:46.650 WARN  [][] [main] o.s.b.a.t.ThymeleafAutoConfiguration$DefaultTemplateResolverConfiguration:103 - Cannot find template location: classpath:/templates/ (please add some templates, check your Thymeleaf configuration, or set spring.thymeleaf.check-template-location=false)
2023-08-11 17:24:46.794 INFO  [][] [main] c.m.b.m.core.MyBlogApplication:61 - Started MyBlogApplication in 1.819 seconds (JVM running for 2.711)
2023-08-11 17:24:50.134 INFO  [][] [http-nio-28083-exec-1] c.m.b.m.c.config.WebLogAspect:41 - ========================================== Start ==========================================
2023-08-11 17:24:50.135 INFO  [][] [http-nio-28083-exec-1] c.m.b.m.c.config.WebLogAspect:43 - URL            : http://localhost:28083/admin/login
2023-08-11 17:24:50.136 INFO  [][] [http-nio-28083-exec-1] c.m.b.m.c.config.WebLogAspect:45 - HTTP Method    : POST
2023-08-11 17:24:50.137 INFO  [][] [http-nio-28083-exec-1] c.m.b.m.c.config.WebLogAspect:47 - Class Method   : com.muyi.blog.my.core.controller.admin.AdminController.login
2023-08-11 17:24:50.137 INFO  [][] [http-nio-28083-exec-1] c.m.b.m.c.config.WebLogAspect:49 - IP             : 0:0:0:0:0:0:0:1
2023-08-11 17:24:50.137 INFO  [][] [http-nio-28083-exec-1] c.m.b.m.c.config.WebLogAspect:51 - Request Args   : LoginUserVo(username=admin, password=666666, verifyCode=123456)
2023-08-11 17:24:50.153 WARN  [][] [http-nio-28083-exec-1] com.zaxxer.hikari.HikariConfig:1084 - hikariCP - idleTimeout is close to or more than maxLifetime, disabling it.
2023-08-11 17:24:50.153 INFO  [][] [http-nio-28083-exec-1] c.z.hikari.HikariDataSource:110 - hikariCP - Starting...
2023-08-11 17:24:50.253 INFO  [][] [http-nio-28083-exec-1] c.z.hikari.HikariDataSource:123 - hikariCP - Start completed.
2023-08-11 17:24:50.283 INFO  [][] [http-nio-28083-exec-1] c.m.b.m.c.config.WebLogAspect:59 - =========================================== End ===========================================
2023-08-11 17:24:50.283 INFO  [][] [http-nio-28083-exec-1] c.m.b.m.c.config.WebLogAspect:61 - 
2023-08-11 17:24:50.323 INFO  [][] [http-nio-28083-exec-1] c.m.b.m.c.config.WebLogAspect:74 - Response Args  : {"msg":"登录成功","code":200,"data":{"adminUserId":1,"loginUserName":"admin","nickName":"木易","loginPassword":"f379eaf3c831b04de153469d1bec345e","locked":0},"success":true}
2023-08-11 17:24:50.325 INFO  [][] [http-nio-28083-exec-1] c.m.b.m.c.config.WebLogAspect:76 - Time-Consuming : 191 ms
2023-08-11 17:25:02.684 INFO  [][] [http-nio-28083-exec-3] c.m.b.m.c.config.WebLogAspect:41 - ========================================== Start ==========================================
2023-08-11 17:25:02.684 INFO  [][] [http-nio-28083-exec-3] c.m.b.m.c.config.WebLogAspect:43 - URL            : http://localhost:28083/admin/comments/list
2023-08-11 17:25:02.684 INFO  [][] [http-nio-28083-exec-3] c.m.b.m.c.config.WebLogAspect:45 - HTTP Method    : GET
2023-08-11 17:25:02.684 INFO  [][] [http-nio-28083-exec-3] c.m.b.m.c.config.WebLogAspect:47 - Class Method   : com.muyi.blog.my.core.controller.admin.CommentController.list
2023-08-11 17:25:02.684 INFO  [][] [http-nio-28083-exec-3] c.m.b.m.c.config.WebLogAspect:49 - IP             : 0:0:0:0:0:0:0:1
2023-08-11 17:25:02.684 INFO  [][] [http-nio-28083-exec-3] c.m.b.m.c.config.WebLogAspect:51 - Request Args   : {page=1, limit=1}
2023-08-11 17:25:02.700 INFO  [][] [http-nio-28083-exec-3] c.m.b.m.c.s.i.CommentServiceImpl:41 - []
2023-08-11 17:25:02.703 INFO  [][] [http-nio-28083-exec-3] c.m.b.m.c.config.WebLogAspect:59 - =========================================== End ===========================================
2023-08-11 17:25:02.703 INFO  [][] [http-nio-28083-exec-3] c.m.b.m.c.config.WebLogAspect:61 - 
2023-08-11 17:25:02.705 INFO  [][] [http-nio-28083-exec-3] c.m.b.m.c.config.WebLogAspect:74 - Response Args  : {"msg":"查询成功!!!","code":200,"data":{"currPage":1,"totalPage":1,"pageSize":1,"list":[],"totalCount":1},"success":true}
2023-08-11 17:25:02.706 INFO  [][] [http-nio-28083-exec-3] c.m.b.m.c.config.WebLogAspect:76 - Time-Consuming : 23 ms
2023-08-11 17:25:25.805 INFO  [][] [http-nio-28083-exec-4] c.m.b.m.c.config.WebLogAspect:41 - ========================================== Start ==========================================
2023-08-11 17:25:25.805 INFO  [][] [http-nio-28083-exec-4] c.m.b.m.c.config.WebLogAspect:43 - URL            : http://localhost:28083/admin/comments/list
2023-08-11 17:25:25.805 INFO  [][] [http-nio-28083-exec-4] c.m.b.m.c.config.WebLogAspect:45 - HTTP Method    : GET
2023-08-11 17:25:25.805 INFO  [][] [http-nio-28083-exec-4] c.m.b.m.c.config.WebLogAspect:47 - Class Method   : com.muyi.blog.my.core.controller.admin.CommentController.list
2023-08-11 17:25:25.805 INFO  [][] [http-nio-28083-exec-4] c.m.b.m.c.config.WebLogAspect:49 - IP             : 0:0:0:0:0:0:0:1
2023-08-11 17:25:25.806 INFO  [][] [http-nio-28083-exec-4] c.m.b.m.c.config.WebLogAspect:51 - Request Args   : {page=0, limit=1}
2023-08-11 17:25:25.810 INFO  [][] [http-nio-28083-exec-4] c.m.b.m.c.s.i.CommentServiceImpl:41 - [BlogComment(commentId=26, blogId=4, commentator=十三, email=224683568@qq.com, websiteUrl=, commentBody=第一条评论, commentCreateTime=Mon May 13 18:12:19 CST 2019, commentatorIp=, replyBody=, replyCreateTime=Mon May 13 05:13:31 CST 2019, commentStatus=1, isDeleted=0)]
2023-08-11 17:25:25.811 INFO  [][] [http-nio-28083-exec-4] c.m.b.m.c.config.WebLogAspect:59 - =========================================== End ===========================================
2023-08-11 17:25:25.812 INFO  [][] [http-nio-28083-exec-4] c.m.b.m.c.config.WebLogAspect:61 - 
2023-08-11 17:25:25.815 INFO  [][] [http-nio-28083-exec-4] c.m.b.m.c.config.WebLogAspect:74 - Response Args  : {"msg":"查询成功!!!","code":200,"data":{"currPage":0,"totalPage":1,"pageSize":1,"list":[{"commentator":"十三","replyBody":"","replyCreateTime":1557695611000,"commentatorIp":"","isDeleted":0,"websiteUrl":"","commentBody":"第一条评论","commentCreateTime":1557742339000,"commentId":26,"blogId":4,"email":"224683568@qq.com","commentStatus":1}],"totalCount":1},"success":true}
2023-08-11 17:25:25.816 INFO  [][] [http-nio-28083-exec-4] c.m.b.m.c.config.WebLogAspect:76 - Time-Consuming : 11 ms
2023-08-11 17:26:30.883 INFO  [][] [SpringApplicationShutdownHook] c.z.hikari.HikariDataSource:350 - hikariCP - Shutdown initiated...
2023-08-11 17:26:30.885 INFO  [][] [SpringApplicationShutdownHook] c.z.hikari.HikariDataSource:352 - hikariCP - Shutdown completed.
