2023-08-10 15:24:04.830 INFO  [][] [main] c.m.b.m.core.MyBlogApplication:55 - Starting MyBlogApplication using Java 1.8.0_311 on LAPTOP-VDID7VDB with PID 3192 (E:\java\myblog\target\classes started by 历川 in E:\java\myblog)
2023-08-10 15:24:04.832 INFO  [][] [main] c.m.b.m.core.MyBlogApplication:634 - No active profile set, falling back to 1 default profile: "default"
2023-08-10 15:24:05.968 WARN  [][] [main] o.s.b.a.t.ThymeleafAutoConfiguration$DefaultTemplateResolverConfiguration:103 - Cannot find template location: classpath:/templates/ (please add some templates, check your Thymeleaf configuration, or set spring.thymeleaf.check-template-location=false)
2023-08-10 15:24:06.057 INFO  [][] [main] c.m.b.m.core.MyBlogApplication:61 - Started MyBlogApplication in 1.478 seconds (JVM running for 2.361)
2023-08-10 15:36:19.495 INFO  [][] [main] c.m.b.m.core.MyBlogApplication:55 - Starting MyBlogApplication using Java 1.8.0_311 on LAPTOP-VDID7VDB with PID 18960 (E:\java\myblog\target\classes started by 历川 in E:\java\myblog)
2023-08-10 15:36:19.497 INFO  [][] [main] c.m.b.m.core.MyBlogApplication:634 - No active profile set, falling back to 1 default profile: "default"
2023-08-10 15:36:21.141 WARN  [][] [main] o.s.b.a.t.ThymeleafAutoConfiguration$DefaultTemplateResolverConfiguration:103 - Cannot find template location: classpath:/templates/ (please add some templates, check your Thymeleaf configuration, or set spring.thymeleaf.check-template-location=false)
2023-08-10 15:36:21.237 INFO  [][] [main] c.m.b.m.core.MyBlogApplication:61 - Started MyBlogApplication in 2.0 seconds (JVM running for 2.927)
2023-08-10 15:39:29.076 INFO  [][] [main] c.m.b.m.core.MyBlogApplication:55 - Starting MyBlogApplication using Java 1.8.0_311 on LAPTOP-VDID7VDB with PID 18720 (E:\java\myblog\target\classes started by 历川 in E:\java\myblog)
2023-08-10 15:39:29.078 INFO  [][] [main] c.m.b.m.core.MyBlogApplication:634 - No active profile set, falling back to 1 default profile: "default"
2023-08-10 15:39:30.220 WARN  [][] [main] o.s.b.a.t.ThymeleafAutoConfiguration$DefaultTemplateResolverConfiguration:103 - Cannot find template location: classpath:/templates/ (please add some templates, check your Thymeleaf configuration, or set spring.thymeleaf.check-template-location=false)
2023-08-10 15:39:30.314 INFO  [][] [main] c.m.b.m.core.MyBlogApplication:61 - Started MyBlogApplication in 1.481 seconds (JVM running for 2.356)
2023-08-10 15:42:34.631 INFO  [][] [main] c.m.b.m.core.MyBlogApplication:55 - Starting MyBlogApplication using Java 1.8.0_311 on LAPTOP-VDID7VDB with PID 24260 (E:\java\myblog\target\classes started by 历川 in E:\java\myblog)
2023-08-10 15:42:34.633 INFO  [][] [main] c.m.b.m.core.MyBlogApplication:634 - No active profile set, falling back to 1 default profile: "default"
2023-08-10 15:42:35.782 WARN  [][] [main] o.s.b.a.t.ThymeleafAutoConfiguration$DefaultTemplateResolverConfiguration:103 - Cannot find template location: classpath:/templates/ (please add some templates, check your Thymeleaf configuration, or set spring.thymeleaf.check-template-location=false)
2023-08-10 15:42:35.873 INFO  [][] [main] c.m.b.m.core.MyBlogApplication:61 - Started MyBlogApplication in 1.476 seconds (JVM running for 2.331)
2023-08-10 15:43:24.158 INFO  [][] [main] c.m.b.m.core.MyBlogApplication:55 - Starting MyBlogApplication using Java 1.8.0_311 on LAPTOP-VDID7VDB with PID 14268 (E:\java\myblog\target\classes started by 历川 in E:\java\myblog)
2023-08-10 15:43:24.160 INFO  [][] [main] c.m.b.m.core.MyBlogApplication:634 - No active profile set, falling back to 1 default profile: "default"
2023-08-10 15:43:25.267 WARN  [][] [main] o.s.b.a.t.ThymeleafAutoConfiguration$DefaultTemplateResolverConfiguration:103 - Cannot find template location: classpath:/templates/ (please add some templates, check your Thymeleaf configuration, or set spring.thymeleaf.check-template-location=false)
2023-08-10 15:43:25.365 INFO  [][] [main] c.m.b.m.core.MyBlogApplication:61 - Started MyBlogApplication in 1.442 seconds (JVM running for 2.294)
2023-08-10 15:44:41.699 INFO  [][] [main] c.m.b.m.core.MyBlogApplication:55 - Starting MyBlogApplication using Java 1.8.0_311 on LAPTOP-VDID7VDB with PID 26652 (E:\java\myblog\target\classes started by 历川 in E:\java\myblog)
2023-08-10 15:44:41.701 INFO  [][] [main] c.m.b.m.core.MyBlogApplication:634 - No active profile set, falling back to 1 default profile: "default"
2023-08-10 15:44:42.991 WARN  [][] [main] o.s.b.a.t.ThymeleafAutoConfiguration$DefaultTemplateResolverConfiguration:103 - Cannot find template location: classpath:/templates/ (please add some templates, check your Thymeleaf configuration, or set spring.thymeleaf.check-template-location=false)
2023-08-10 15:44:43.088 INFO  [][] [main] c.m.b.m.core.MyBlogApplication:61 - Started MyBlogApplication in 1.674 seconds (JVM running for 2.583)
2023-08-10 15:47:06.031 INFO  [][] [main] c.m.b.m.core.MyBlogApplication:55 - Starting MyBlogApplication using Java 1.8.0_311 on LAPTOP-VDID7VDB with PID 23836 (E:\java\myblog\target\classes started by 历川 in E:\java\myblog)
2023-08-10 15:47:06.033 INFO  [][] [main] c.m.b.m.core.MyBlogApplication:634 - No active profile set, falling back to 1 default profile: "default"
2023-08-10 15:47:07.204 WARN  [][] [main] o.s.b.a.t.ThymeleafAutoConfiguration$DefaultTemplateResolverConfiguration:103 - Cannot find template location: classpath:/templates/ (please add some templates, check your Thymeleaf configuration, or set spring.thymeleaf.check-template-location=false)
2023-08-10 15:47:07.341 INFO  [][] [main] c.m.b.m.core.MyBlogApplication:61 - Started MyBlogApplication in 1.553 seconds (JVM running for 2.438)
2023-08-10 15:50:38.901 INFO  [][] [main] c.m.b.m.core.MyBlogApplication:55 - Starting MyBlogApplication using Java 1.8.0_311 on LAPTOP-VDID7VDB with PID 25828 (E:\java\myblog\target\classes started by 历川 in E:\java\myblog)
2023-08-10 15:50:38.904 INFO  [][] [main] c.m.b.m.core.MyBlogApplication:634 - No active profile set, falling back to 1 default profile: "default"
2023-08-10 15:50:40.196 WARN  [][] [main] o.s.b.a.t.ThymeleafAutoConfiguration$DefaultTemplateResolverConfiguration:103 - Cannot find template location: classpath:/templates/ (please add some templates, check your Thymeleaf configuration, or set spring.thymeleaf.check-template-location=false)
2023-08-10 15:50:40.303 INFO  [][] [main] c.m.b.m.core.MyBlogApplication:61 - Started MyBlogApplication in 1.689 seconds (JVM running for 2.97)
2023-08-10 15:57:24.634 INFO  [][] [main] c.m.b.m.core.MyBlogApplication:55 - Starting MyBlogApplication using Java 1.8.0_311 on LAPTOP-VDID7VDB with PID 27024 (E:\java\myblog\target\classes started by 历川 in E:\java\myblog)
2023-08-10 15:57:24.636 INFO  [][] [main] c.m.b.m.core.MyBlogApplication:634 - No active profile set, falling back to 1 default profile: "default"
2023-08-10 15:57:26.076 WARN  [][] [main] o.s.b.a.t.ThymeleafAutoConfiguration$DefaultTemplateResolverConfiguration:103 - Cannot find template location: classpath:/templates/ (please add some templates, check your Thymeleaf configuration, or set spring.thymeleaf.check-template-location=false)
2023-08-10 15:57:26.234 INFO  [][] [main] c.m.b.m.core.MyBlogApplication:61 - Started MyBlogApplication in 1.859 seconds (JVM running for 2.731)
2023-08-10 15:57:43.387 INFO  [][] [http-nio-28083-exec-2] c.m.b.m.c.config.WebLogAspect:42 - ========================================== Start ==========================================
2023-08-10 15:57:43.387 INFO  [][] [http-nio-28083-exec-2] c.m.b.m.c.config.WebLogAspect:44 - URL            : http://localhost:28083/admin/login
2023-08-10 15:57:43.388 INFO  [][] [http-nio-28083-exec-2] c.m.b.m.c.config.WebLogAspect:46 - HTTP Method    : POST
2023-08-10 15:57:43.389 INFO  [][] [http-nio-28083-exec-2] c.m.b.m.c.config.WebLogAspect:48 - Class Method   : com.muyi.blog.my.core.controller.admin.AdminController.login
2023-08-10 15:57:43.389 INFO  [][] [http-nio-28083-exec-2] c.m.b.m.c.config.WebLogAspect:50 - IP             : 0:0:0:0:0:0:0:1
2023-08-10 15:57:43.389 INFO  [][] [http-nio-28083-exec-2] c.m.b.m.c.config.WebLogAspect:52 - Request Args   : LoginUserVo(username=admin, password=123456, verifyCode=123456)
2023-08-10 15:57:43.393 INFO  [][] [http-nio-28083-exec-2] c.m.b.m.c.config.WebLogAspect:60 - =========================================== End ===========================================
2023-08-10 15:57:43.393 INFO  [][] [http-nio-28083-exec-2] c.m.b.m.c.config.WebLogAspect:62 - 
2023-08-10 15:57:43.435 INFO  [][] [http-nio-28083-exec-2] c.m.b.m.c.config.WebLogAspect:75 - Response Args  : {"msg":"验证码错误","code":500,"success":false}
2023-08-10 15:57:43.437 INFO  [][] [http-nio-28083-exec-2] c.m.b.m.c.config.WebLogAspect:77 - Time-Consuming : 51 ms
2023-08-10 15:59:20.082 INFO  [][] [main] c.m.b.m.core.MyBlogApplication:55 - Starting MyBlogApplication using Java 1.8.0_311 on LAPTOP-VDID7VDB with PID 10948 (E:\java\myblog\target\classes started by 历川 in E:\java\myblog)
2023-08-10 15:59:20.084 INFO  [][] [main] c.m.b.m.core.MyBlogApplication:634 - No active profile set, falling back to 1 default profile: "default"
2023-08-10 15:59:21.443 WARN  [][] [main] o.s.b.a.t.ThymeleafAutoConfiguration$DefaultTemplateResolverConfiguration:103 - Cannot find template location: classpath:/templates/ (please add some templates, check your Thymeleaf configuration, or set spring.thymeleaf.check-template-location=false)
2023-08-10 15:59:21.594 INFO  [][] [main] c.m.b.m.core.MyBlogApplication:61 - Started MyBlogApplication in 1.752 seconds (JVM running for 2.584)
2023-08-10 15:59:23.613 INFO  [][] [http-nio-28083-exec-1] c.m.b.m.c.config.WebLogAspect:41 - ========================================== Start ==========================================
2023-08-10 15:59:23.614 INFO  [][] [http-nio-28083-exec-1] c.m.b.m.c.config.WebLogAspect:43 - URL            : http://localhost:28083/admin/login
2023-08-10 15:59:23.614 INFO  [][] [http-nio-28083-exec-1] c.m.b.m.c.config.WebLogAspect:45 - HTTP Method    : POST
2023-08-10 15:59:23.615 INFO  [][] [http-nio-28083-exec-1] c.m.b.m.c.config.WebLogAspect:47 - Class Method   : com.muyi.blog.my.core.controller.admin.AdminController.login
2023-08-10 15:59:23.615 INFO  [][] [http-nio-28083-exec-1] c.m.b.m.c.config.WebLogAspect:49 - IP             : 0:0:0:0:0:0:0:1
2023-08-10 15:59:23.616 INFO  [][] [http-nio-28083-exec-1] c.m.b.m.c.config.WebLogAspect:51 - Request Args   : LoginUserVo(username=admin, password=123456, verifyCode=123456)
2023-08-10 15:59:23.619 INFO  [][] [http-nio-28083-exec-1] c.m.b.m.c.c.a.AdminController:78 - 123456
2023-08-10 15:59:23.619 INFO  [][] [http-nio-28083-exec-1] c.m.b.m.c.config.WebLogAspect:59 - =========================================== End ===========================================
2023-08-10 15:59:23.619 INFO  [][] [http-nio-28083-exec-1] c.m.b.m.c.config.WebLogAspect:61 - 
2023-08-10 15:59:23.658 INFO  [][] [http-nio-28083-exec-1] c.m.b.m.c.config.WebLogAspect:74 - Response Args  : {"msg":"验证码错误","code":500,"success":false}
2023-08-10 15:59:23.659 INFO  [][] [http-nio-28083-exec-1] c.m.b.m.c.config.WebLogAspect:76 - Time-Consuming : 46 ms
2023-08-10 16:00:22.992 INFO  [][] [main] c.m.b.m.core.MyBlogApplication:55 - Starting MyBlogApplication using Java 1.8.0_311 on LAPTOP-VDID7VDB with PID 25408 (E:\java\myblog\target\classes started by 历川 in E:\java\myblog)
2023-08-10 16:00:22.994 INFO  [][] [main] c.m.b.m.core.MyBlogApplication:634 - No active profile set, falling back to 1 default profile: "default"
2023-08-10 16:00:24.368 WARN  [][] [main] o.s.b.a.t.ThymeleafAutoConfiguration$DefaultTemplateResolverConfiguration:103 - Cannot find template location: classpath:/templates/ (please add some templates, check your Thymeleaf configuration, or set spring.thymeleaf.check-template-location=false)
2023-08-10 16:00:24.523 INFO  [][] [main] c.m.b.m.core.MyBlogApplication:61 - Started MyBlogApplication in 1.78 seconds (JVM running for 2.618)
2023-08-10 16:00:28.113 INFO  [][] [http-nio-28083-exec-2] c.m.b.m.c.config.WebLogAspect:41 - ========================================== Start ==========================================
2023-08-10 16:00:28.114 INFO  [][] [http-nio-28083-exec-2] c.m.b.m.c.config.WebLogAspect:43 - URL            : http://localhost:28083/admin/login
2023-08-10 16:00:28.116 INFO  [][] [http-nio-28083-exec-2] c.m.b.m.c.config.WebLogAspect:45 - HTTP Method    : POST
2023-08-10 16:00:28.117 INFO  [][] [http-nio-28083-exec-2] c.m.b.m.c.config.WebLogAspect:47 - Class Method   : com.muyi.blog.my.core.controller.admin.AdminController.login
2023-08-10 16:00:28.117 INFO  [][] [http-nio-28083-exec-2] c.m.b.m.c.config.WebLogAspect:49 - IP             : 0:0:0:0:0:0:0:1
2023-08-10 16:00:28.118 INFO  [][] [http-nio-28083-exec-2] c.m.b.m.c.config.WebLogAspect:51 - Request Args   : LoginUserVo(username=admin, password=123456, verifyCode=123456)
2023-08-10 16:00:28.124 INFO  [][] [http-nio-28083-exec-2] c.m.b.m.c.c.a.AdminController:78 - 123456
2023-08-10 16:00:28.124 INFO  [][] [http-nio-28083-exec-2] c.m.b.m.c.c.a.AdminController:79 - 123456
2023-08-10 16:00:28.124 INFO  [][] [http-nio-28083-exec-2] c.m.b.m.c.config.WebLogAspect:59 - =========================================== End ===========================================
2023-08-10 16:00:28.125 INFO  [][] [http-nio-28083-exec-2] c.m.b.m.c.config.WebLogAspect:61 - 
2023-08-10 16:00:28.168 INFO  [][] [http-nio-28083-exec-2] c.m.b.m.c.config.WebLogAspect:74 - Response Args  : {"msg":"验证码错误","code":500,"success":false}
2023-08-10 16:00:28.170 INFO  [][] [http-nio-28083-exec-2] c.m.b.m.c.config.WebLogAspect:76 - Time-Consuming : 57 ms
2023-08-10 16:02:22.218 INFO  [][] [main] c.m.b.m.core.MyBlogApplication:55 - Starting MyBlogApplication using Java 1.8.0_311 on LAPTOP-VDID7VDB with PID 26156 (E:\java\myblog\target\classes started by 历川 in E:\java\myblog)
2023-08-10 16:02:22.220 INFO  [][] [main] c.m.b.m.core.MyBlogApplication:634 - No active profile set, falling back to 1 default profile: "default"
2023-08-10 16:02:23.677 WARN  [][] [main] o.s.b.a.t.ThymeleafAutoConfiguration$DefaultTemplateResolverConfiguration:103 - Cannot find template location: classpath:/templates/ (please add some templates, check your Thymeleaf configuration, or set spring.thymeleaf.check-template-location=false)
2023-08-10 16:02:23.825 INFO  [][] [main] c.m.b.m.core.MyBlogApplication:61 - Started MyBlogApplication in 1.869 seconds (JVM running for 2.787)
2023-08-10 16:02:26.695 INFO  [][] [http-nio-28083-exec-2] c.m.b.m.c.config.WebLogAspect:41 - ========================================== Start ==========================================
2023-08-10 16:02:26.695 INFO  [][] [http-nio-28083-exec-2] c.m.b.m.c.config.WebLogAspect:43 - URL            : http://localhost:28083/admin/login
2023-08-10 16:02:26.696 INFO  [][] [http-nio-28083-exec-2] c.m.b.m.c.config.WebLogAspect:45 - HTTP Method    : POST
2023-08-10 16:02:26.697 INFO  [][] [http-nio-28083-exec-2] c.m.b.m.c.config.WebLogAspect:47 - Class Method   : com.muyi.blog.my.core.controller.admin.AdminController.login
2023-08-10 16:02:26.697 INFO  [][] [http-nio-28083-exec-2] c.m.b.m.c.config.WebLogAspect:49 - IP             : 0:0:0:0:0:0:0:1
2023-08-10 16:02:26.697 INFO  [][] [http-nio-28083-exec-2] c.m.b.m.c.config.WebLogAspect:51 - Request Args   : LoginUserVo(username=admin, password=123456, verifyCode=123456)
2023-08-10 16:02:26.700 INFO  [][] [http-nio-28083-exec-2] c.m.b.m.c.c.a.AdminController:83 - 123456
2023-08-10 16:02:26.700 INFO  [][] [http-nio-28083-exec-2] c.m.b.m.c.c.a.AdminController:84 - 123456
2023-08-10 16:02:26.714 WARN  [][] [http-nio-28083-exec-2] com.zaxxer.hikari.HikariConfig:1084 - hikariCP - idleTimeout is close to or more than maxLifetime, disabling it.
2023-08-10 16:02:26.714 INFO  [][] [http-nio-28083-exec-2] c.z.hikari.HikariDataSource:110 - hikariCP - Starting...
2023-08-10 16:02:26.896 INFO  [][] [http-nio-28083-exec-2] c.z.hikari.HikariDataSource:123 - hikariCP - Start completed.
2023-08-10 16:02:26.942 INFO  [][] [http-nio-28083-exec-2] c.m.b.m.c.config.WebLogAspect:59 - =========================================== End ===========================================
2023-08-10 16:02:26.942 INFO  [][] [http-nio-28083-exec-2] c.m.b.m.c.config.WebLogAspect:61 - 
2023-08-10 16:02:26.948 ERROR [][] [http-nio-28083-exec-2] o.a.c.c.C.[.[.[.[dispatcherServlet]:175 - Servlet.service() for servlet [dispatcherServlet] in context with path [] threw exception [Request processing failed; nested exception is java.lang.NullPointerException] with root cause
java.lang.NullPointerException: null
	at com.muyi.blog.my.core.service.impl.AdminUserServiceImpl.login(AdminUserServiceImpl.java:42)
	at com.muyi.blog.my.core.controller.admin.AdminController.login(AdminController.java:91)
	at com.muyi.blog.my.core.controller.admin.AdminController$$FastClassBySpringCGLIB$$b0f5fe0a.invoke(<generated>)
	at org.springframework.cglib.proxy.MethodProxy.invoke(MethodProxy.java:218)
	at org.springframework.aop.framework.CglibAopProxy$CglibMethodInvocation.invokeJoinpoint(CglibAopProxy.java:793)
	at org.springframework.aop.framework.ReflectiveMethodInvocation.proceed(ReflectiveMethodInvocation.java:163)
	at org.springframework.aop.framework.CglibAopProxy$CglibMethodInvocation.proceed(CglibAopProxy.java:763)
	at org.springframework.aop.aspectj.AspectJAfterAdvice.invoke(AspectJAfterAdvice.java:49)
	at org.springframework.aop.framework.ReflectiveMethodInvocation.proceed(ReflectiveMethodInvocation.java:186)
	at org.springframework.aop.framework.CglibAopProxy$CglibMethodInvocation.proceed(CglibAopProxy.java:763)
	at org.springframework.aop.framework.adapter.MethodBeforeAdviceInterceptor.invoke(MethodBeforeAdviceInterceptor.java:58)
	at org.springframework.aop.framework.ReflectiveMethodInvocation.proceed(ReflectiveMethodInvocation.java:186)
	at org.springframework.aop.framework.CglibAopProxy$CglibMethodInvocation.proceed(CglibAopProxy.java:763)
	at org.springframework.aop.aspectj.MethodInvocationProceedingJoinPoint.proceed(MethodInvocationProceedingJoinPoint.java:89)
	at com.muyi.blog.my.core.config.WebLogAspect.doAround(WebLogAspect.java:72)
	at sun.reflect.NativeMethodAccessorImpl.invoke0(Native Method)
	at sun.reflect.NativeMethodAccessorImpl.invoke(NativeMethodAccessorImpl.java:62)
	at sun.reflect.DelegatingMethodAccessorImpl.invoke(DelegatingMethodAccessorImpl.java:43)
	at java.lang.reflect.Method.invoke(Method.java:498)
	at org.springframework.aop.aspectj.AbstractAspectJAdvice.invokeAdviceMethodWithGivenArgs(AbstractAspectJAdvice.java:634)
	at org.springframework.aop.aspectj.AbstractAspectJAdvice.invokeAdviceMethod(AbstractAspectJAdvice.java:624)
	at org.springframework.aop.aspectj.AspectJAroundAdvice.invoke(AspectJAroundAdvice.java:72)
	at org.springframework.aop.framework.ReflectiveMethodInvocation.proceed(ReflectiveMethodInvocation.java:186)
	at org.springframework.aop.framework.CglibAopProxy$CglibMethodInvocation.proceed(CglibAopProxy.java:763)
	at org.springframework.aop.interceptor.ExposeInvocationInterceptor.invoke(ExposeInvocationInterceptor.java:97)
	at org.springframework.aop.framework.ReflectiveMethodInvocation.proceed(ReflectiveMethodInvocation.java:186)
	at org.springframework.aop.framework.CglibAopProxy$CglibMethodInvocation.proceed(CglibAopProxy.java:763)
	at org.springframework.aop.framework.CglibAopProxy$DynamicAdvisedInterceptor.intercept(CglibAopProxy.java:708)
	at com.muyi.blog.my.core.controller.admin.AdminController$$EnhancerBySpringCGLIB$$9facfe2b.login(<generated>)
	at sun.reflect.NativeMethodAccessorImpl.invoke0(Native Method)
	at sun.reflect.NativeMethodAccessorImpl.invoke(NativeMethodAccessorImpl.java:62)
	at sun.reflect.DelegatingMethodAccessorImpl.invoke(DelegatingMethodAccessorImpl.java:43)
	at java.lang.reflect.Method.invoke(Method.java:498)
	at org.springframework.web.method.support.InvocableHandlerMethod.doInvoke(InvocableHandlerMethod.java:205)
	at org.springframework.web.method.support.InvocableHandlerMethod.invokeForRequest(InvocableHandlerMethod.java:150)
	at org.springframework.web.servlet.mvc.method.annotation.ServletInvocableHandlerMethod.invokeAndHandle(ServletInvocableHandlerMethod.java:117)
	at org.springframework.web.servlet.mvc.method.annotation.RequestMappingHandlerAdapter.invokeHandlerMethod(RequestMappingHandlerAdapter.java:895)
	at org.springframework.web.servlet.mvc.method.annotation.RequestMappingHandlerAdapter.handleInternal(RequestMappingHandlerAdapter.java:808)
	at org.springframework.web.servlet.mvc.method.AbstractHandlerMethodAdapter.handle(AbstractHandlerMethodAdapter.java:87)
	at org.springframework.web.servlet.DispatcherServlet.doDispatch(DispatcherServlet.java:1071)
	at org.springframework.web.servlet.DispatcherServlet.doService(DispatcherServlet.java:964)
	at org.springframework.web.servlet.FrameworkServlet.processRequest(FrameworkServlet.java:1006)
	at org.springframework.web.servlet.FrameworkServlet.doPost(FrameworkServlet.java:909)
	at javax.servlet.http.HttpServlet.service(HttpServlet.java:696)
	at org.springframework.web.servlet.FrameworkServlet.service(FrameworkServlet.java:883)
	at javax.servlet.http.HttpServlet.service(HttpServlet.java:779)
	at org.apache.catalina.core.ApplicationFilterChain.internalDoFilter(ApplicationFilterChain.java:227)
	at org.apache.catalina.core.ApplicationFilterChain.doFilter(ApplicationFilterChain.java:162)
	at org.apache.tomcat.websocket.server.WsFilter.doFilter(WsFilter.java:53)
	at org.apache.catalina.core.ApplicationFilterChain.internalDoFilter(ApplicationFilterChain.java:189)
	at org.apache.catalina.core.ApplicationFilterChain.doFilter(ApplicationFilterChain.java:162)
	at org.springframework.web.filter.RequestContextFilter.doFilterInternal(RequestContextFilter.java:100)
	at org.springframework.web.filter.OncePerRequestFilter.doFilter(OncePerRequestFilter.java:117)
	at org.apache.catalina.core.ApplicationFilterChain.internalDoFilter(ApplicationFilterChain.java:189)
	at org.apache.catalina.core.ApplicationFilterChain.doFilter(ApplicationFilterChain.java:162)
	at org.springframework.web.filter.FormContentFilter.doFilterInternal(FormContentFilter.java:93)
	at org.springframework.web.filter.OncePerRequestFilter.doFilter(OncePerRequestFilter.java:117)
	at org.apache.catalina.core.ApplicationFilterChain.internalDoFilter(ApplicationFilterChain.java:189)
	at org.apache.catalina.core.ApplicationFilterChain.doFilter(ApplicationFilterChain.java:162)
	at org.springframework.web.filter.CharacterEncodingFilter.doFilterInternal(CharacterEncodingFilter.java:201)
	at org.springframework.web.filter.OncePerRequestFilter.doFilter(OncePerRequestFilter.java:117)
	at org.apache.catalina.core.ApplicationFilterChain.internalDoFilter(ApplicationFilterChain.java:189)
	at org.apache.catalina.core.ApplicationFilterChain.doFilter(ApplicationFilterChain.java:162)
	at org.apache.catalina.core.StandardWrapperValve.invoke(StandardWrapperValve.java:197)
	at org.apache.catalina.core.StandardContextValve.invoke(StandardContextValve.java:97)
	at org.apache.catalina.authenticator.AuthenticatorBase.invoke(AuthenticatorBase.java:541)
	at org.apache.catalina.core.StandardHostValve.invoke(StandardHostValve.java:135)
	at org.apache.catalina.valves.ErrorReportValve.invoke(ErrorReportValve.java:92)
	at org.apache.catalina.core.StandardEngineValve.invoke(StandardEngineValve.java:78)
	at org.apache.catalina.connector.CoyoteAdapter.service(CoyoteAdapter.java:360)
	at org.apache.coyote.http11.Http11Processor.service(Http11Processor.java:399)
	at org.apache.coyote.AbstractProcessorLight.process(AbstractProcessorLight.java:65)
	at org.apache.coyote.AbstractProtocol$ConnectionHandler.process(AbstractProtocol.java:893)
	at org.apache.tomcat.util.net.NioEndpoint$SocketProcessor.doRun(NioEndpoint.java:1789)
	at org.apache.tomcat.util.net.SocketProcessorBase.run(SocketProcessorBase.java:49)
	at org.apache.tomcat.util.threads.ThreadPoolExecutor.runWorker(ThreadPoolExecutor.java:1191)
	at org.apache.tomcat.util.threads.ThreadPoolExecutor$Worker.run(ThreadPoolExecutor.java:659)
	at org.apache.tomcat.util.threads.TaskThread$WrappingRunnable.run(TaskThread.java:61)
	at java.lang.Thread.run(Thread.java:748)
2023-08-10 16:04:46.507 INFO  [][] [SpringApplicationShutdownHook] c.z.hikari.HikariDataSource:350 - hikariCP - Shutdown initiated...
2023-08-10 16:04:46.508 INFO  [][] [SpringApplicationShutdownHook] c.z.hikari.HikariDataSource:352 - hikariCP - Shutdown completed.
2023-08-10 16:04:52.334 INFO  [][] [main] c.m.b.m.core.MyBlogApplication:55 - Starting MyBlogApplication using Java 1.8.0_311 on LAPTOP-VDID7VDB with PID 29116 (E:\java\myblog\target\classes started by 历川 in E:\java\myblog)
2023-08-10 16:04:52.336 INFO  [][] [main] c.m.b.m.core.MyBlogApplication:634 - No active profile set, falling back to 1 default profile: "default"
2023-08-10 16:04:53.702 WARN  [][] [main] o.s.b.a.t.ThymeleafAutoConfiguration$DefaultTemplateResolverConfiguration:103 - Cannot find template location: classpath:/templates/ (please add some templates, check your Thymeleaf configuration, or set spring.thymeleaf.check-template-location=false)
2023-08-10 16:04:53.858 INFO  [][] [main] c.m.b.m.core.MyBlogApplication:61 - Started MyBlogApplication in 1.782 seconds (JVM running for 2.637)
2023-08-10 16:04:55.541 INFO  [][] [http-nio-28083-exec-2] c.m.b.m.c.config.WebLogAspect:41 - ========================================== Start ==========================================
2023-08-10 16:04:55.542 INFO  [][] [http-nio-28083-exec-2] c.m.b.m.c.config.WebLogAspect:43 - URL            : http://localhost:28083/admin/login
2023-08-10 16:04:55.543 INFO  [][] [http-nio-28083-exec-2] c.m.b.m.c.config.WebLogAspect:45 - HTTP Method    : POST
2023-08-10 16:04:55.544 INFO  [][] [http-nio-28083-exec-2] c.m.b.m.c.config.WebLogAspect:47 - Class Method   : com.muyi.blog.my.core.controller.admin.AdminController.login
2023-08-10 16:04:55.544 INFO  [][] [http-nio-28083-exec-2] c.m.b.m.c.config.WebLogAspect:49 - IP             : 0:0:0:0:0:0:0:1
2023-08-10 16:04:55.544 INFO  [][] [http-nio-28083-exec-2] c.m.b.m.c.config.WebLogAspect:51 - Request Args   : LoginUserVo(username=admin, password=123456, verifyCode=123456)
2023-08-10 16:04:55.547 INFO  [][] [http-nio-28083-exec-2] c.m.b.m.c.c.a.AdminController:83 - 123456
2023-08-10 16:04:55.548 INFO  [][] [http-nio-28083-exec-2] c.m.b.m.c.c.a.AdminController:84 - 123456
2023-08-10 16:04:55.558 WARN  [][] [http-nio-28083-exec-2] com.zaxxer.hikari.HikariConfig:1084 - hikariCP - idleTimeout is close to or more than maxLifetime, disabling it.
2023-08-10 16:04:55.558 INFO  [][] [http-nio-28083-exec-2] c.z.hikari.HikariDataSource:110 - hikariCP - Starting...
2023-08-10 16:04:55.654 INFO  [][] [http-nio-28083-exec-2] c.z.hikari.HikariDataSource:123 - hikariCP - Start completed.
2023-08-10 16:04:55.673 INFO  [][] [http-nio-28083-exec-2] c.m.b.m.c.config.WebLogAspect:59 - =========================================== End ===========================================
2023-08-10 16:04:55.673 INFO  [][] [http-nio-28083-exec-2] c.m.b.m.c.config.WebLogAspect:61 - 
2023-08-10 16:04:55.679 ERROR [][] [http-nio-28083-exec-2] o.a.c.c.C.[.[.[.[dispatcherServlet]:175 - Servlet.service() for servlet [dispatcherServlet] in context with path [] threw exception [Request processing failed; nested exception is java.lang.NullPointerException] with root cause
java.lang.NullPointerException: null
	at com.muyi.blog.my.core.service.impl.AdminUserServiceImpl.login(AdminUserServiceImpl.java:42)
	at com.muyi.blog.my.core.controller.admin.AdminController.login(AdminController.java:91)
	at com.muyi.blog.my.core.controller.admin.AdminController$$FastClassBySpringCGLIB$$b0f5fe0a.invoke(<generated>)
	at org.springframework.cglib.proxy.MethodProxy.invoke(MethodProxy.java:218)
	at org.springframework.aop.framework.CglibAopProxy$CglibMethodInvocation.invokeJoinpoint(CglibAopProxy.java:793)
	at org.springframework.aop.framework.ReflectiveMethodInvocation.proceed(ReflectiveMethodInvocation.java:163)
	at org.springframework.aop.framework.CglibAopProxy$CglibMethodInvocation.proceed(CglibAopProxy.java:763)
	at org.springframework.aop.aspectj.AspectJAfterAdvice.invoke(AspectJAfterAdvice.java:49)
	at org.springframework.aop.framework.ReflectiveMethodInvocation.proceed(ReflectiveMethodInvocation.java:186)
	at org.springframework.aop.framework.CglibAopProxy$CglibMethodInvocation.proceed(CglibAopProxy.java:763)
	at org.springframework.aop.framework.adapter.MethodBeforeAdviceInterceptor.invoke(MethodBeforeAdviceInterceptor.java:58)
	at org.springframework.aop.framework.ReflectiveMethodInvocation.proceed(ReflectiveMethodInvocation.java:186)
	at org.springframework.aop.framework.CglibAopProxy$CglibMethodInvocation.proceed(CglibAopProxy.java:763)
	at org.springframework.aop.interceptor.ExposeInvocationInterceptor.invoke(ExposeInvocationInterceptor.java:97)
	at org.springframework.aop.framework.ReflectiveMethodInvocation.proceed(ReflectiveMethodInvocation.java:186)
	at org.springframework.aop.framework.CglibAopProxy$CglibMethodInvocation.proceed(CglibAopProxy.java:763)
	at org.springframework.aop.framework.CglibAopProxy$DynamicAdvisedInterceptor.intercept(CglibAopProxy.java:708)
	at com.muyi.blog.my.core.controller.admin.AdminController$$EnhancerBySpringCGLIB$$e2fc53b5.login(<generated>)
	at sun.reflect.NativeMethodAccessorImpl.invoke0(Native Method)
	at sun.reflect.NativeMethodAccessorImpl.invoke(NativeMethodAccessorImpl.java:62)
	at sun.reflect.DelegatingMethodAccessorImpl.invoke(DelegatingMethodAccessorImpl.java:43)
	at java.lang.reflect.Method.invoke(Method.java:498)
	at org.springframework.web.method.support.InvocableHandlerMethod.doInvoke(InvocableHandlerMethod.java:205)
	at org.springframework.web.method.support.InvocableHandlerMethod.invokeForRequest(InvocableHandlerMethod.java:150)
	at org.springframework.web.servlet.mvc.method.annotation.ServletInvocableHandlerMethod.invokeAndHandle(ServletInvocableHandlerMethod.java:117)
	at org.springframework.web.servlet.mvc.method.annotation.RequestMappingHandlerAdapter.invokeHandlerMethod(RequestMappingHandlerAdapter.java:895)
	at org.springframework.web.servlet.mvc.method.annotation.RequestMappingHandlerAdapter.handleInternal(RequestMappingHandlerAdapter.java:808)
	at org.springframework.web.servlet.mvc.method.AbstractHandlerMethodAdapter.handle(AbstractHandlerMethodAdapter.java:87)
	at org.springframework.web.servlet.DispatcherServlet.doDispatch(DispatcherServlet.java:1071)
	at org.springframework.web.servlet.DispatcherServlet.doService(DispatcherServlet.java:964)
	at org.springframework.web.servlet.FrameworkServlet.processRequest(FrameworkServlet.java:1006)
	at org.springframework.web.servlet.FrameworkServlet.doPost(FrameworkServlet.java:909)
	at javax.servlet.http.HttpServlet.service(HttpServlet.java:696)
	at org.springframework.web.servlet.FrameworkServlet.service(FrameworkServlet.java:883)
	at javax.servlet.http.HttpServlet.service(HttpServlet.java:779)
	at org.apache.catalina.core.ApplicationFilterChain.internalDoFilter(ApplicationFilterChain.java:227)
	at org.apache.catalina.core.ApplicationFilterChain.doFilter(ApplicationFilterChain.java:162)
	at org.apache.tomcat.websocket.server.WsFilter.doFilter(WsFilter.java:53)
	at org.apache.catalina.core.ApplicationFilterChain.internalDoFilter(ApplicationFilterChain.java:189)
	at org.apache.catalina.core.ApplicationFilterChain.doFilter(ApplicationFilterChain.java:162)
	at org.springframework.web.filter.RequestContextFilter.doFilterInternal(RequestContextFilter.java:100)
	at org.springframework.web.filter.OncePerRequestFilter.doFilter(OncePerRequestFilter.java:117)
	at org.apache.catalina.core.ApplicationFilterChain.internalDoFilter(ApplicationFilterChain.java:189)
	at org.apache.catalina.core.ApplicationFilterChain.doFilter(ApplicationFilterChain.java:162)
	at org.springframework.web.filter.FormContentFilter.doFilterInternal(FormContentFilter.java:93)
	at org.springframework.web.filter.OncePerRequestFilter.doFilter(OncePerRequestFilter.java:117)
	at org.apache.catalina.core.ApplicationFilterChain.internalDoFilter(ApplicationFilterChain.java:189)
	at org.apache.catalina.core.ApplicationFilterChain.doFilter(ApplicationFilterChain.java:162)
	at org.springframework.web.filter.CharacterEncodingFilter.doFilterInternal(CharacterEncodingFilter.java:201)
	at org.springframework.web.filter.OncePerRequestFilter.doFilter(OncePerRequestFilter.java:117)
	at org.apache.catalina.core.ApplicationFilterChain.internalDoFilter(ApplicationFilterChain.java:189)
	at org.apache.catalina.core.ApplicationFilterChain.doFilter(ApplicationFilterChain.java:162)
	at org.apache.catalina.core.StandardWrapperValve.invoke(StandardWrapperValve.java:197)
	at org.apache.catalina.core.StandardContextValve.invoke(StandardContextValve.java:97)
	at org.apache.catalina.authenticator.AuthenticatorBase.invoke(AuthenticatorBase.java:541)
	at org.apache.catalina.core.StandardHostValve.invoke(StandardHostValve.java:135)
	at org.apache.catalina.valves.ErrorReportValve.invoke(ErrorReportValve.java:92)
	at org.apache.catalina.core.StandardEngineValve.invoke(StandardEngineValve.java:78)
	at org.apache.catalina.connector.CoyoteAdapter.service(CoyoteAdapter.java:360)
	at org.apache.coyote.http11.Http11Processor.service(Http11Processor.java:399)
	at org.apache.coyote.AbstractProcessorLight.process(AbstractProcessorLight.java:65)
	at org.apache.coyote.AbstractProtocol$ConnectionHandler.process(AbstractProtocol.java:893)
	at org.apache.tomcat.util.net.NioEndpoint$SocketProcessor.doRun(NioEndpoint.java:1789)
	at org.apache.tomcat.util.net.SocketProcessorBase.run(SocketProcessorBase.java:49)
	at org.apache.tomcat.util.threads.ThreadPoolExecutor.runWorker(ThreadPoolExecutor.java:1191)
	at org.apache.tomcat.util.threads.ThreadPoolExecutor$Worker.run(ThreadPoolExecutor.java:659)
	at org.apache.tomcat.util.threads.TaskThread$WrappingRunnable.run(TaskThread.java:61)
	at java.lang.Thread.run(Thread.java:748)
2023-08-10 16:05:57.804 INFO  [][] [SpringApplicationShutdownHook] c.z.hikari.HikariDataSource:350 - hikariCP - Shutdown initiated...
2023-08-10 16:05:57.806 INFO  [][] [SpringApplicationShutdownHook] c.z.hikari.HikariDataSource:352 - hikariCP - Shutdown completed.
2023-08-10 16:06:05.115 INFO  [][] [main] c.m.b.m.core.MyBlogApplication:55 - Starting MyBlogApplication using Java 1.8.0_311 on LAPTOP-VDID7VDB with PID 12328 (E:\java\myblog\target\classes started by 历川 in E:\java\myblog)
2023-08-10 16:06:05.118 INFO  [][] [main] c.m.b.m.core.MyBlogApplication:634 - No active profile set, falling back to 1 default profile: "default"
2023-08-10 16:06:06.682 WARN  [][] [main] o.s.b.a.t.ThymeleafAutoConfiguration$DefaultTemplateResolverConfiguration:103 - Cannot find template location: classpath:/templates/ (please add some templates, check your Thymeleaf configuration, or set spring.thymeleaf.check-template-location=false)
2023-08-10 16:06:06.840 INFO  [][] [main] c.m.b.m.core.MyBlogApplication:61 - Started MyBlogApplication in 2.04 seconds (JVM running for 3.043)
2023-08-10 16:06:10.918 INFO  [][] [http-nio-28083-exec-1] c.m.b.m.c.config.WebLogAspect:41 - ========================================== Start ==========================================
2023-08-10 16:06:10.918 INFO  [][] [http-nio-28083-exec-1] c.m.b.m.c.config.WebLogAspect:43 - URL            : http://localhost:28083/admin/login
2023-08-10 16:06:10.919 INFO  [][] [http-nio-28083-exec-1] c.m.b.m.c.config.WebLogAspect:45 - HTTP Method    : POST
2023-08-10 16:06:10.920 INFO  [][] [http-nio-28083-exec-1] c.m.b.m.c.config.WebLogAspect:47 - Class Method   : com.muyi.blog.my.core.controller.admin.AdminController.login
2023-08-10 16:06:10.920 INFO  [][] [http-nio-28083-exec-1] c.m.b.m.c.config.WebLogAspect:49 - IP             : 0:0:0:0:0:0:0:1
2023-08-10 16:06:10.921 INFO  [][] [http-nio-28083-exec-1] c.m.b.m.c.config.WebLogAspect:51 - Request Args   : LoginUserVo(username=admin, password=123456, verifyCode=123456)
2023-08-10 16:06:10.925 INFO  [][] [http-nio-28083-exec-1] c.m.b.m.c.c.a.AdminController:83 - 123456
2023-08-10 16:06:10.925 INFO  [][] [http-nio-28083-exec-1] c.m.b.m.c.c.a.AdminController:84 - 123456
2023-08-10 16:06:10.938 WARN  [][] [http-nio-28083-exec-1] com.zaxxer.hikari.HikariConfig:1084 - hikariCP - idleTimeout is close to or more than maxLifetime, disabling it.
2023-08-10 16:06:10.938 INFO  [][] [http-nio-28083-exec-1] c.z.hikari.HikariDataSource:110 - hikariCP - Starting...
2023-08-10 16:06:11.056 INFO  [][] [http-nio-28083-exec-1] c.z.hikari.HikariDataSource:123 - hikariCP - Start completed.
2023-08-10 16:07:05.879 INFO  [][] [http-nio-28083-exec-1] c.m.b.m.c.s.i.AdminUserServiceImpl:41 - AdminUser [Hash = 1236123085, adminUserId=null, loginUserName=null, loginPassword=null, nickName=null, locked=0]
2023-08-10 16:07:05.880 WARN  [][] [hikariCP housekeeper] c.z.hikari.pool.HikariPool:788 - hikariCP - Thread starvation or clock leap detected (housekeeper delta=1m24s823ms29µs600ns).
2023-08-10 16:07:05.882 INFO  [][] [http-nio-28083-exec-1] c.m.b.m.c.config.WebLogAspect:59 - =========================================== End ===========================================
2023-08-10 16:07:05.882 INFO  [][] [http-nio-28083-exec-1] c.m.b.m.c.config.WebLogAspect:61 - 
2023-08-10 16:07:05.890 ERROR [][] [http-nio-28083-exec-1] o.a.c.c.C.[.[.[.[dispatcherServlet]:175 - Servlet.service() for servlet [dispatcherServlet] in context with path [] threw exception [Request processing failed; nested exception is java.lang.NullPointerException] with root cause
java.lang.NullPointerException: null
	at com.muyi.blog.my.core.service.impl.AdminUserServiceImpl.login(AdminUserServiceImpl.java:43)
	at com.muyi.blog.my.core.controller.admin.AdminController.login(AdminController.java:91)
	at com.muyi.blog.my.core.controller.admin.AdminController$$FastClassBySpringCGLIB$$b0f5fe0a.invoke(<generated>)
	at org.springframework.cglib.proxy.MethodProxy.invoke(MethodProxy.java:218)
	at org.springframework.aop.framework.CglibAopProxy$CglibMethodInvocation.invokeJoinpoint(CglibAopProxy.java:793)
	at org.springframework.aop.framework.ReflectiveMethodInvocation.proceed(ReflectiveMethodInvocation.java:163)
	at org.springframework.aop.framework.CglibAopProxy$CglibMethodInvocation.proceed(CglibAopProxy.java:763)
	at org.springframework.aop.aspectj.AspectJAfterAdvice.invoke(AspectJAfterAdvice.java:49)
	at org.springframework.aop.framework.ReflectiveMethodInvocation.proceed(ReflectiveMethodInvocation.java:186)
	at org.springframework.aop.framework.CglibAopProxy$CglibMethodInvocation.proceed(CglibAopProxy.java:763)
	at org.springframework.aop.framework.adapter.MethodBeforeAdviceInterceptor.invoke(MethodBeforeAdviceInterceptor.java:58)
	at org.springframework.aop.framework.ReflectiveMethodInvocation.proceed(ReflectiveMethodInvocation.java:186)
	at org.springframework.aop.framework.CglibAopProxy$CglibMethodInvocation.proceed(CglibAopProxy.java:763)
	at org.springframework.aop.interceptor.ExposeInvocationInterceptor.invoke(ExposeInvocationInterceptor.java:97)
	at org.springframework.aop.framework.ReflectiveMethodInvocation.proceed(ReflectiveMethodInvocation.java:186)
	at org.springframework.aop.framework.CglibAopProxy$CglibMethodInvocation.proceed(CglibAopProxy.java:763)
	at org.springframework.aop.framework.CglibAopProxy$DynamicAdvisedInterceptor.intercept(CglibAopProxy.java:708)
	at com.muyi.blog.my.core.controller.admin.AdminController$$EnhancerBySpringCGLIB$$9416ddd9.login(<generated>)
	at sun.reflect.NativeMethodAccessorImpl.invoke0(Native Method)
	at sun.reflect.NativeMethodAccessorImpl.invoke(NativeMethodAccessorImpl.java:62)
	at sun.reflect.DelegatingMethodAccessorImpl.invoke(DelegatingMethodAccessorImpl.java:43)
	at java.lang.reflect.Method.invoke(Method.java:498)
	at org.springframework.web.method.support.InvocableHandlerMethod.doInvoke(InvocableHandlerMethod.java:205)
	at org.springframework.web.method.support.InvocableHandlerMethod.invokeForRequest(InvocableHandlerMethod.java:150)
	at org.springframework.web.servlet.mvc.method.annotation.ServletInvocableHandlerMethod.invokeAndHandle(ServletInvocableHandlerMethod.java:117)
	at org.springframework.web.servlet.mvc.method.annotation.RequestMappingHandlerAdapter.invokeHandlerMethod(RequestMappingHandlerAdapter.java:895)
	at org.springframework.web.servlet.mvc.method.annotation.RequestMappingHandlerAdapter.handleInternal(RequestMappingHandlerAdapter.java:808)
	at org.springframework.web.servlet.mvc.method.AbstractHandlerMethodAdapter.handle(AbstractHandlerMethodAdapter.java:87)
	at org.springframework.web.servlet.DispatcherServlet.doDispatch(DispatcherServlet.java:1071)
	at org.springframework.web.servlet.DispatcherServlet.doService(DispatcherServlet.java:964)
	at org.springframework.web.servlet.FrameworkServlet.processRequest(FrameworkServlet.java:1006)
	at org.springframework.web.servlet.FrameworkServlet.doPost(FrameworkServlet.java:909)
	at javax.servlet.http.HttpServlet.service(HttpServlet.java:696)
	at org.springframework.web.servlet.FrameworkServlet.service(FrameworkServlet.java:883)
	at javax.servlet.http.HttpServlet.service(HttpServlet.java:779)
	at org.apache.catalina.core.ApplicationFilterChain.internalDoFilter(ApplicationFilterChain.java:227)
	at org.apache.catalina.core.ApplicationFilterChain.doFilter(ApplicationFilterChain.java:162)
	at org.apache.tomcat.websocket.server.WsFilter.doFilter(WsFilter.java:53)
	at org.apache.catalina.core.ApplicationFilterChain.internalDoFilter(ApplicationFilterChain.java:189)
	at org.apache.catalina.core.ApplicationFilterChain.doFilter(ApplicationFilterChain.java:162)
	at org.springframework.web.filter.RequestContextFilter.doFilterInternal(RequestContextFilter.java:100)
	at org.springframework.web.filter.OncePerRequestFilter.doFilter(OncePerRequestFilter.java:117)
	at org.apache.catalina.core.ApplicationFilterChain.internalDoFilter(ApplicationFilterChain.java:189)
	at org.apache.catalina.core.ApplicationFilterChain.doFilter(ApplicationFilterChain.java:162)
	at org.springframework.web.filter.FormContentFilter.doFilterInternal(FormContentFilter.java:93)
	at org.springframework.web.filter.OncePerRequestFilter.doFilter(OncePerRequestFilter.java:117)
	at org.apache.catalina.core.ApplicationFilterChain.internalDoFilter(ApplicationFilterChain.java:189)
	at org.apache.catalina.core.ApplicationFilterChain.doFilter(ApplicationFilterChain.java:162)
	at org.springframework.web.filter.CharacterEncodingFilter.doFilterInternal(CharacterEncodingFilter.java:201)
	at org.springframework.web.filter.OncePerRequestFilter.doFilter(OncePerRequestFilter.java:117)
	at org.apache.catalina.core.ApplicationFilterChain.internalDoFilter(ApplicationFilterChain.java:189)
	at org.apache.catalina.core.ApplicationFilterChain.doFilter(ApplicationFilterChain.java:162)
	at org.apache.catalina.core.StandardWrapperValve.invoke(StandardWrapperValve.java:197)
	at org.apache.catalina.core.StandardContextValve.invoke(StandardContextValve.java:97)
	at org.apache.catalina.authenticator.AuthenticatorBase.invoke(AuthenticatorBase.java:541)
	at org.apache.catalina.core.StandardHostValve.invoke(StandardHostValve.java:135)
	at org.apache.catalina.valves.ErrorReportValve.invoke(ErrorReportValve.java:92)
	at org.apache.catalina.core.StandardEngineValve.invoke(StandardEngineValve.java:78)
	at org.apache.catalina.connector.CoyoteAdapter.service(CoyoteAdapter.java:360)
	at org.apache.coyote.http11.Http11Processor.service(Http11Processor.java:399)
	at org.apache.coyote.AbstractProcessorLight.process(AbstractProcessorLight.java:65)
	at org.apache.coyote.AbstractProtocol$ConnectionHandler.process(AbstractProtocol.java:893)
	at org.apache.tomcat.util.net.NioEndpoint$SocketProcessor.doRun(NioEndpoint.java:1789)
	at org.apache.tomcat.util.net.SocketProcessorBase.run(SocketProcessorBase.java:49)
	at org.apache.tomcat.util.threads.ThreadPoolExecutor.runWorker(ThreadPoolExecutor.java:1191)
	at org.apache.tomcat.util.threads.ThreadPoolExecutor$Worker.run(ThreadPoolExecutor.java:659)
	at org.apache.tomcat.util.threads.TaskThread$WrappingRunnable.run(TaskThread.java:61)
	at java.lang.Thread.run(Thread.java:748)
2023-08-10 16:07:06.339 INFO  [][] [SpringApplicationShutdownHook] c.z.hikari.HikariDataSource:350 - hikariCP - Shutdown initiated...
2023-08-10 16:07:06.341 INFO  [][] [SpringApplicationShutdownHook] c.z.hikari.HikariDataSource:352 - hikariCP - Shutdown completed.
2023-08-10 16:10:38.338 INFO  [][] [main] c.m.b.m.core.MyBlogApplication:55 - Starting MyBlogApplication using Java 1.8.0_311 on LAPTOP-VDID7VDB with PID 23052 (E:\java\myblog\target\classes started by 历川 in E:\java\myblog)
2023-08-10 16:10:38.340 INFO  [][] [main] c.m.b.m.core.MyBlogApplication:634 - No active profile set, falling back to 1 default profile: "default"
2023-08-10 16:10:39.676 WARN  [][] [main] o.s.b.a.t.ThymeleafAutoConfiguration$DefaultTemplateResolverConfiguration:103 - Cannot find template location: classpath:/templates/ (please add some templates, check your Thymeleaf configuration, or set spring.thymeleaf.check-template-location=false)
2023-08-10 16:10:39.818 INFO  [][] [main] c.m.b.m.core.MyBlogApplication:61 - Started MyBlogApplication in 1.717 seconds (JVM running for 2.539)
2023-08-10 16:10:45.310 INFO  [][] [http-nio-28083-exec-1] c.m.b.m.c.config.WebLogAspect:41 - ========================================== Start ==========================================
2023-08-10 16:10:45.311 INFO  [][] [http-nio-28083-exec-1] c.m.b.m.c.config.WebLogAspect:43 - URL            : http://localhost:28083/admin/login
2023-08-10 16:10:45.311 INFO  [][] [http-nio-28083-exec-1] c.m.b.m.c.config.WebLogAspect:45 - HTTP Method    : POST
2023-08-10 16:10:45.312 INFO  [][] [http-nio-28083-exec-1] c.m.b.m.c.config.WebLogAspect:47 - Class Method   : com.muyi.blog.my.core.controller.admin.AdminController.login
2023-08-10 16:10:45.312 INFO  [][] [http-nio-28083-exec-1] c.m.b.m.c.config.WebLogAspect:49 - IP             : 0:0:0:0:0:0:0:1
2023-08-10 16:10:45.313 INFO  [][] [http-nio-28083-exec-1] c.m.b.m.c.config.WebLogAspect:51 - Request Args   : LoginUserVo(username=admin, password=123456, verifyCode=123456)
2023-08-10 16:10:45.316 INFO  [][] [http-nio-28083-exec-1] c.m.b.m.c.c.a.AdminController:83 - 123456
2023-08-10 16:10:45.316 INFO  [][] [http-nio-28083-exec-1] c.m.b.m.c.c.a.AdminController:84 - 123456
2023-08-10 16:10:45.327 WARN  [][] [http-nio-28083-exec-1] com.zaxxer.hikari.HikariConfig:1084 - hikariCP - idleTimeout is close to or more than maxLifetime, disabling it.
2023-08-10 16:10:45.327 INFO  [][] [http-nio-28083-exec-1] c.z.hikari.HikariDataSource:110 - hikariCP - Starting...
2023-08-10 16:10:45.427 INFO  [][] [http-nio-28083-exec-1] c.z.hikari.HikariDataSource:123 - hikariCP - Start completed.
2023-08-10 16:10:45.440 INFO  [][] [http-nio-28083-exec-1] c.m.b.m.c.config.WebLogAspect:59 - =========================================== End ===========================================
2023-08-10 16:10:45.440 INFO  [][] [http-nio-28083-exec-1] c.m.b.m.c.config.WebLogAspect:61 - 
2023-08-10 16:10:45.446 ERROR [][] [http-nio-28083-exec-1] o.a.c.c.C.[.[.[.[dispatcherServlet]:175 - Servlet.service() for servlet [dispatcherServlet] in context with path [] threw exception [Request processing failed; nested exception is org.mybatis.spring.MyBatisSystemException: nested exception is org.apache.ibatis.type.TypeException: Could not set parameters for mapping: ParameterMapping{property='username', mode=IN, javaType=class java.lang.String, jdbcType=null, numericScale=null, resultMapId='null', jdbcTypeName='null', expression='null'}. Cause: org.apache.ibatis.type.TypeException: Error setting non null for parameter #1 with JdbcType null . Try setting a different JdbcType for this parameter or a different configuration property. Cause: java.sql.SQLException: Parameter index out of range (1 > number of parameters, which is 0).] with root cause
java.sql.SQLException: Parameter index out of range (1 > number of parameters, which is 0).
	at com.mysql.cj.jdbc.exceptions.SQLError.createSQLException(SQLError.java:129)
	at com.mysql.cj.jdbc.exceptions.SQLError.createSQLException(SQLError.java:97)
	at com.mysql.cj.jdbc.exceptions.SQLError.createSQLException(SQLError.java:89)
	at com.mysql.cj.jdbc.exceptions.SQLError.createSQLException(SQLError.java:63)
	at com.mysql.cj.jdbc.ClientPreparedStatement.checkBounds(ClientPreparedStatement.java:1345)
	at com.mysql.cj.jdbc.ClientPreparedStatement.getCoreParameterIndex(ClientPreparedStatement.java:1358)
	at com.mysql.cj.jdbc.ClientPreparedStatement.setString(ClientPreparedStatement.java:1714)
	at com.zaxxer.hikari.pool.HikariProxyPreparedStatement.setString(HikariProxyPreparedStatement.java)
	at org.apache.ibatis.type.StringTypeHandler.setNonNullParameter(StringTypeHandler.java:31)
	at org.apache.ibatis.type.StringTypeHandler.setNonNullParameter(StringTypeHandler.java:26)
	at org.apache.ibatis.type.BaseTypeHandler.setParameter(BaseTypeHandler.java:73)
	at org.apache.ibatis.scripting.defaults.DefaultParameterHandler.setParameters(DefaultParameterHandler.java:87)
	at org.apache.ibatis.executor.statement.PreparedStatementHandler.parameterize(PreparedStatementHandler.java:94)
	at org.apache.ibatis.executor.statement.RoutingStatementHandler.parameterize(RoutingStatementHandler.java:64)
	at org.apache.ibatis.executor.SimpleExecutor.prepareStatement(SimpleExecutor.java:88)
	at org.apache.ibatis.executor.SimpleExecutor.doQuery(SimpleExecutor.java:62)
	at org.apache.ibatis.executor.BaseExecutor.queryFromDatabase(BaseExecutor.java:325)
	at org.apache.ibatis.executor.BaseExecutor.query(BaseExecutor.java:156)
	at org.apache.ibatis.executor.CachingExecutor.query(CachingExecutor.java:109)
	at org.apache.ibatis.executor.CachingExecutor.query(CachingExecutor.java:89)
	at org.apache.ibatis.session.defaults.DefaultSqlSession.selectList(DefaultSqlSession.java:151)
	at org.apache.ibatis.session.defaults.DefaultSqlSession.selectList(DefaultSqlSession.java:145)
	at org.apache.ibatis.session.defaults.DefaultSqlSession.selectList(DefaultSqlSession.java:140)
	at org.apache.ibatis.session.defaults.DefaultSqlSession.selectOne(DefaultSqlSession.java:76)
	at sun.reflect.NativeMethodAccessorImpl.invoke0(Native Method)
	at sun.reflect.NativeMethodAccessorImpl.invoke(NativeMethodAccessorImpl.java:62)
	at sun.reflect.DelegatingMethodAccessorImpl.invoke(DelegatingMethodAccessorImpl.java:43)
	at java.lang.reflect.Method.invoke(Method.java:498)
	at org.mybatis.spring.SqlSessionTemplate$SqlSessionInterceptor.invoke(SqlSessionTemplate.java:427)
	at com.sun.proxy.$Proxy71.selectOne(Unknown Source)
	at org.mybatis.spring.SqlSessionTemplate.selectOne(SqlSessionTemplate.java:160)
	at org.apache.ibatis.binding.MapperMethod.execute(MapperMethod.java:87)
	at org.apache.ibatis.binding.MapperProxy$PlainMethodInvoker.invoke(MapperProxy.java:145)
	at org.apache.ibatis.binding.MapperProxy.invoke(MapperProxy.java:86)
	at com.sun.proxy.$Proxy72.getUserByUsername(Unknown Source)
	at com.muyi.blog.my.core.service.impl.AdminUserServiceImpl.login(AdminUserServiceImpl.java:37)
	at com.muyi.blog.my.core.controller.admin.AdminController.login(AdminController.java:91)
	at com.muyi.blog.my.core.controller.admin.AdminController$$FastClassBySpringCGLIB$$b0f5fe0a.invoke(<generated>)
	at org.springframework.cglib.proxy.MethodProxy.invoke(MethodProxy.java:218)
	at org.springframework.aop.framework.CglibAopProxy$CglibMethodInvocation.invokeJoinpoint(CglibAopProxy.java:793)
	at org.springframework.aop.framework.ReflectiveMethodInvocation.proceed(ReflectiveMethodInvocation.java:163)
	at org.springframework.aop.framework.CglibAopProxy$CglibMethodInvocation.proceed(CglibAopProxy.java:763)
	at org.springframework.aop.aspectj.AspectJAfterAdvice.invoke(AspectJAfterAdvice.java:49)
	at org.springframework.aop.framework.ReflectiveMethodInvocation.proceed(ReflectiveMethodInvocation.java:186)
	at org.springframework.aop.framework.CglibAopProxy$CglibMethodInvocation.proceed(CglibAopProxy.java:763)
	at org.springframework.aop.framework.adapter.MethodBeforeAdviceInterceptor.invoke(MethodBeforeAdviceInterceptor.java:58)
	at org.springframework.aop.framework.ReflectiveMethodInvocation.proceed(ReflectiveMethodInvocation.java:186)
	at org.springframework.aop.framework.CglibAopProxy$CglibMethodInvocation.proceed(CglibAopProxy.java:763)
	at org.springframework.aop.interceptor.ExposeInvocationInterceptor.invoke(ExposeInvocationInterceptor.java:97)
	at org.springframework.aop.framework.ReflectiveMethodInvocation.proceed(ReflectiveMethodInvocation.java:186)
	at org.springframework.aop.framework.CglibAopProxy$CglibMethodInvocation.proceed(CglibAopProxy.java:763)
	at org.springframework.aop.framework.CglibAopProxy$DynamicAdvisedInterceptor.intercept(CglibAopProxy.java:708)
	at com.muyi.blog.my.core.controller.admin.AdminController$$EnhancerBySpringCGLIB$$e2fc53b5.login(<generated>)
	at sun.reflect.NativeMethodAccessorImpl.invoke0(Native Method)
	at sun.reflect.NativeMethodAccessorImpl.invoke(NativeMethodAccessorImpl.java:62)
	at sun.reflect.DelegatingMethodAccessorImpl.invoke(DelegatingMethodAccessorImpl.java:43)
	at java.lang.reflect.Method.invoke(Method.java:498)
	at org.springframework.web.method.support.InvocableHandlerMethod.doInvoke(InvocableHandlerMethod.java:205)
	at org.springframework.web.method.support.InvocableHandlerMethod.invokeForRequest(InvocableHandlerMethod.java:150)
	at org.springframework.web.servlet.mvc.method.annotation.ServletInvocableHandlerMethod.invokeAndHandle(ServletInvocableHandlerMethod.java:117)
	at org.springframework.web.servlet.mvc.method.annotation.RequestMappingHandlerAdapter.invokeHandlerMethod(RequestMappingHandlerAdapter.java:895)
	at org.springframework.web.servlet.mvc.method.annotation.RequestMappingHandlerAdapter.handleInternal(RequestMappingHandlerAdapter.java:808)
	at org.springframework.web.servlet.mvc.method.AbstractHandlerMethodAdapter.handle(AbstractHandlerMethodAdapter.java:87)
	at org.springframework.web.servlet.DispatcherServlet.doDispatch(DispatcherServlet.java:1071)
	at org.springframework.web.servlet.DispatcherServlet.doService(DispatcherServlet.java:964)
	at org.springframework.web.servlet.FrameworkServlet.processRequest(FrameworkServlet.java:1006)
	at org.springframework.web.servlet.FrameworkServlet.doPost(FrameworkServlet.java:909)
	at javax.servlet.http.HttpServlet.service(HttpServlet.java:696)
	at org.springframework.web.servlet.FrameworkServlet.service(FrameworkServlet.java:883)
	at javax.servlet.http.HttpServlet.service(HttpServlet.java:779)
	at org.apache.catalina.core.ApplicationFilterChain.internalDoFilter(ApplicationFilterChain.java:227)
	at org.apache.catalina.core.ApplicationFilterChain.doFilter(ApplicationFilterChain.java:162)
	at org.apache.tomcat.websocket.server.WsFilter.doFilter(WsFilter.java:53)
	at org.apache.catalina.core.ApplicationFilterChain.internalDoFilter(ApplicationFilterChain.java:189)
	at org.apache.catalina.core.ApplicationFilterChain.doFilter(ApplicationFilterChain.java:162)
	at org.springframework.web.filter.RequestContextFilter.doFilterInternal(RequestContextFilter.java:100)
	at org.springframework.web.filter.OncePerRequestFilter.doFilter(OncePerRequestFilter.java:117)
	at org.apache.catalina.core.ApplicationFilterChain.internalDoFilter(ApplicationFilterChain.java:189)
	at org.apache.catalina.core.ApplicationFilterChain.doFilter(ApplicationFilterChain.java:162)
	at org.springframework.web.filter.FormContentFilter.doFilterInternal(FormContentFilter.java:93)
	at org.springframework.web.filter.OncePerRequestFilter.doFilter(OncePerRequestFilter.java:117)
	at org.apache.catalina.core.ApplicationFilterChain.internalDoFilter(ApplicationFilterChain.java:189)
	at org.apache.catalina.core.ApplicationFilterChain.doFilter(ApplicationFilterChain.java:162)
	at org.springframework.web.filter.CharacterEncodingFilter.doFilterInternal(CharacterEncodingFilter.java:201)
	at org.springframework.web.filter.OncePerRequestFilter.doFilter(OncePerRequestFilter.java:117)
	at org.apache.catalina.core.ApplicationFilterChain.internalDoFilter(ApplicationFilterChain.java:189)
	at org.apache.catalina.core.ApplicationFilterChain.doFilter(ApplicationFilterChain.java:162)
	at org.apache.catalina.core.StandardWrapperValve.invoke(StandardWrapperValve.java:197)
	at org.apache.catalina.core.StandardContextValve.invoke(StandardContextValve.java:97)
	at org.apache.catalina.authenticator.AuthenticatorBase.invoke(AuthenticatorBase.java:541)
	at org.apache.catalina.core.StandardHostValve.invoke(StandardHostValve.java:135)
	at org.apache.catalina.valves.ErrorReportValve.invoke(ErrorReportValve.java:92)
	at org.apache.catalina.core.StandardEngineValve.invoke(StandardEngineValve.java:78)
	at org.apache.catalina.connector.CoyoteAdapter.service(CoyoteAdapter.java:360)
	at org.apache.coyote.http11.Http11Processor.service(Http11Processor.java:399)
	at org.apache.coyote.AbstractProcessorLight.process(AbstractProcessorLight.java:65)
	at org.apache.coyote.AbstractProtocol$ConnectionHandler.process(AbstractProtocol.java:893)
	at org.apache.tomcat.util.net.NioEndpoint$SocketProcessor.doRun(NioEndpoint.java:1789)
	at org.apache.tomcat.util.net.SocketProcessorBase.run(SocketProcessorBase.java:49)
	at org.apache.tomcat.util.threads.ThreadPoolExecutor.runWorker(ThreadPoolExecutor.java:1191)
	at org.apache.tomcat.util.threads.ThreadPoolExecutor$Worker.run(ThreadPoolExecutor.java:659)
	at org.apache.tomcat.util.threads.TaskThread$WrappingRunnable.run(TaskThread.java:61)
	at java.lang.Thread.run(Thread.java:748)
2023-08-10 16:11:34.942 INFO  [][] [SpringApplicationShutdownHook] c.z.hikari.HikariDataSource:350 - hikariCP - Shutdown initiated...
2023-08-10 16:11:34.944 INFO  [][] [SpringApplicationShutdownHook] c.z.hikari.HikariDataSource:352 - hikariCP - Shutdown completed.
2023-08-10 16:13:58.674 INFO  [][] [main] c.m.b.m.core.MyBlogApplication:55 - Starting MyBlogApplication using Java 1.8.0_311 on LAPTOP-VDID7VDB with PID 22100 (E:\java\myblog\target\classes started by 历川 in E:\java\myblog)
2023-08-10 16:13:58.676 INFO  [][] [main] c.m.b.m.core.MyBlogApplication:634 - No active profile set, falling back to 1 default profile: "default"
2023-08-10 16:14:00.079 WARN  [][] [main] o.s.b.a.t.ThymeleafAutoConfiguration$DefaultTemplateResolverConfiguration:103 - Cannot find template location: classpath:/templates/ (please add some templates, check your Thymeleaf configuration, or set spring.thymeleaf.check-template-location=false)
2023-08-10 16:14:00.226 INFO  [][] [main] c.m.b.m.core.MyBlogApplication:61 - Started MyBlogApplication in 1.801 seconds (JVM running for 2.644)
2023-08-10 16:14:11.631 INFO  [][] [main] c.m.b.m.core.MyBlogApplication:55 - Starting MyBlogApplication using Java 1.8.0_311 on LAPTOP-VDID7VDB with PID 16328 (E:\java\myblog\target\classes started by 历川 in E:\java\myblog)
2023-08-10 16:14:11.634 INFO  [][] [main] c.m.b.m.core.MyBlogApplication:634 - No active profile set, falling back to 1 default profile: "default"
2023-08-10 16:14:13.193 WARN  [][] [main] o.s.b.a.t.ThymeleafAutoConfiguration$DefaultTemplateResolverConfiguration:103 - Cannot find template location: classpath:/templates/ (please add some templates, check your Thymeleaf configuration, or set spring.thymeleaf.check-template-location=false)
2023-08-10 16:14:13.357 INFO  [][] [main] c.m.b.m.core.MyBlogApplication:61 - Started MyBlogApplication in 2.023 seconds (JVM running for 3.033)
2023-08-10 16:14:15.824 INFO  [][] [http-nio-28083-exec-2] c.m.b.m.c.config.WebLogAspect:41 - ========================================== Start ==========================================
2023-08-10 16:14:15.825 INFO  [][] [http-nio-28083-exec-2] c.m.b.m.c.config.WebLogAspect:43 - URL            : http://localhost:28083/admin/login
2023-08-10 16:14:15.826 INFO  [][] [http-nio-28083-exec-2] c.m.b.m.c.config.WebLogAspect:45 - HTTP Method    : POST
2023-08-10 16:14:15.827 INFO  [][] [http-nio-28083-exec-2] c.m.b.m.c.config.WebLogAspect:47 - Class Method   : com.muyi.blog.my.core.controller.admin.AdminController.login
2023-08-10 16:14:15.827 INFO  [][] [http-nio-28083-exec-2] c.m.b.m.c.config.WebLogAspect:49 - IP             : 0:0:0:0:0:0:0:1
2023-08-10 16:14:15.827 INFO  [][] [http-nio-28083-exec-2] c.m.b.m.c.config.WebLogAspect:51 - Request Args   : LoginUserVo(username=admin, password=123456, verifyCode=123456)
2023-08-10 16:14:15.831 INFO  [][] [http-nio-28083-exec-2] c.m.b.m.c.c.a.AdminController:83 - 123456
2023-08-10 16:14:15.832 INFO  [][] [http-nio-28083-exec-2] c.m.b.m.c.c.a.AdminController:84 - 123456
2023-08-10 16:14:15.846 WARN  [][] [http-nio-28083-exec-2] com.zaxxer.hikari.HikariConfig:1084 - hikariCP - idleTimeout is close to or more than maxLifetime, disabling it.
2023-08-10 16:14:15.846 INFO  [][] [http-nio-28083-exec-2] c.z.hikari.HikariDataSource:110 - hikariCP - Starting...
2023-08-10 16:14:15.963 INFO  [][] [http-nio-28083-exec-2] c.z.hikari.HikariDataSource:123 - hikariCP - Start completed.
2023-08-10 16:14:27.706 INFO  [][] [http-nio-28083-exec-2] c.m.b.m.c.s.i.AdminUserServiceImpl:41 - AdminUser [Hash = -1416891381, adminUserId=1, loginUserName=admin, loginPassword=e10adc3949ba59abbe56e057f20f883e, nickName=十三, locked=0]
2023-08-10 16:14:36.592 INFO  [][] [http-nio-28083-exec-2] c.m.b.m.c.config.WebLogAspect:59 - =========================================== End ===========================================
2023-08-10 16:14:36.592 INFO  [][] [http-nio-28083-exec-2] c.m.b.m.c.config.WebLogAspect:61 - 
2023-08-10 16:14:43.783 INFO  [][] [SpringApplicationShutdownHook] c.z.hikari.HikariDataSource:350 - hikariCP - Shutdown initiated...
2023-08-10 16:14:43.789 INFO  [][] [SpringApplicationShutdownHook] c.z.hikari.HikariDataSource:352 - hikariCP - Shutdown completed.
2023-08-10 16:46:52.480 INFO  [][] [main] c.m.b.m.core.MyBlogApplication:55 - Starting MyBlogApplication using Java 1.8.0_311 on LAPTOP-VDID7VDB with PID 26636 (E:\java\myblog\target\classes started by 历川 in E:\java\myblog)
2023-08-10 16:46:52.483 INFO  [][] [main] c.m.b.m.core.MyBlogApplication:634 - No active profile set, falling back to 1 default profile: "default"
2023-08-10 16:46:54.089 WARN  [][] [main] o.s.b.a.t.ThymeleafAutoConfiguration$DefaultTemplateResolverConfiguration:103 - Cannot find template location: classpath:/templates/ (please add some templates, check your Thymeleaf configuration, or set spring.thymeleaf.check-template-location=false)
2023-08-10 16:46:54.241 INFO  [][] [main] c.m.b.m.core.MyBlogApplication:61 - Started MyBlogApplication in 2.058 seconds (JVM running for 2.958)
2023-08-10 16:48:15.637 INFO  [][] [http-nio-28083-exec-2] c.m.b.m.c.config.WebLogAspect:41 - ========================================== Start ==========================================
2023-08-10 16:48:15.638 INFO  [][] [http-nio-28083-exec-2] c.m.b.m.c.config.WebLogAspect:43 - URL            : http://localhost:28083/admin/login
2023-08-10 16:48:15.639 INFO  [][] [http-nio-28083-exec-2] c.m.b.m.c.config.WebLogAspect:45 - HTTP Method    : POST
2023-08-10 16:48:15.639 INFO  [][] [http-nio-28083-exec-2] c.m.b.m.c.config.WebLogAspect:47 - Class Method   : com.muyi.blog.my.core.controller.admin.AdminController.login
2023-08-10 16:48:15.640 INFO  [][] [http-nio-28083-exec-2] c.m.b.m.c.config.WebLogAspect:49 - IP             : 0:0:0:0:0:0:0:1
2023-08-10 16:48:15.640 INFO  [][] [http-nio-28083-exec-2] c.m.b.m.c.config.WebLogAspect:51 - Request Args   : LoginUserVo(username=admin, password=123456, verifyCode=123456)
2023-08-10 16:48:15.657 WARN  [][] [http-nio-28083-exec-2] com.zaxxer.hikari.HikariConfig:1084 - hikariCP - idleTimeout is close to or more than maxLifetime, disabling it.
2023-08-10 16:48:15.657 INFO  [][] [http-nio-28083-exec-2] c.z.hikari.HikariDataSource:110 - hikariCP - Starting...
2023-08-10 16:48:15.808 INFO  [][] [http-nio-28083-exec-2] c.z.hikari.HikariDataSource:123 - hikariCP - Start completed.
2023-08-10 16:48:15.851 INFO  [][] [http-nio-28083-exec-2] c.m.b.m.c.config.WebLogAspect:59 - =========================================== End ===========================================
2023-08-10 16:48:15.852 INFO  [][] [http-nio-28083-exec-2] c.m.b.m.c.config.WebLogAspect:61 - 
2023-08-10 16:48:46.709 INFO  [][] [http-nio-28083-exec-3] c.m.b.m.c.config.WebLogAspect:41 - ========================================== Start ==========================================
2023-08-10 16:48:46.709 INFO  [][] [http-nio-28083-exec-3] c.m.b.m.c.config.WebLogAspect:43 - URL            : http://localhost:28083/admin/updatePassword
2023-08-10 16:48:46.709 INFO  [][] [http-nio-28083-exec-3] c.m.b.m.c.config.WebLogAspect:45 - HTTP Method    : PUT
2023-08-10 16:48:46.709 INFO  [][] [http-nio-28083-exec-3] c.m.b.m.c.config.WebLogAspect:47 - Class Method   : com.muyi.blog.my.core.controller.admin.AdminController.updatePassword
2023-08-10 16:48:46.709 INFO  [][] [http-nio-28083-exec-3] c.m.b.m.c.config.WebLogAspect:49 - IP             : 0:0:0:0:0:0:0:1
2023-08-10 16:48:46.709 INFO  [][] [http-nio-28083-exec-3] c.m.b.m.c.config.WebLogAspect:51 - Request Args   : 123456
2023-08-10 16:48:46.749 INFO  [][] [http-nio-28083-exec-3] c.m.b.m.c.config.WebLogAspect:59 - =========================================== End ===========================================
2023-08-10 16:48:46.749 INFO  [][] [http-nio-28083-exec-3] c.m.b.m.c.config.WebLogAspect:61 - 
2023-08-10 16:49:04.739 INFO  [][] [http-nio-28083-exec-4] c.m.b.m.c.config.WebLogAspect:41 - ========================================== Start ==========================================
2023-08-10 16:49:04.739 INFO  [][] [http-nio-28083-exec-4] c.m.b.m.c.config.WebLogAspect:43 - URL            : http://localhost:28083/admin/login
2023-08-10 16:49:04.740 INFO  [][] [http-nio-28083-exec-4] c.m.b.m.c.config.WebLogAspect:45 - HTTP Method    : POST
2023-08-10 16:49:04.740 INFO  [][] [http-nio-28083-exec-4] c.m.b.m.c.config.WebLogAspect:47 - Class Method   : com.muyi.blog.my.core.controller.admin.AdminController.login
2023-08-10 16:49:04.740 INFO  [][] [http-nio-28083-exec-4] c.m.b.m.c.config.WebLogAspect:49 - IP             : 0:0:0:0:0:0:0:1
2023-08-10 16:49:04.740 INFO  [][] [http-nio-28083-exec-4] c.m.b.m.c.config.WebLogAspect:51 - Request Args   : LoginUserVo(username=admin, password=666666, verifyCode=123456)
2023-08-10 16:49:04.742 INFO  [][] [http-nio-28083-exec-4] c.m.b.m.c.config.WebLogAspect:59 - =========================================== End ===========================================
2023-08-10 16:49:04.742 INFO  [][] [http-nio-28083-exec-4] c.m.b.m.c.config.WebLogAspect:61 - 
2023-08-10 16:49:22.645 INFO  [][] [http-nio-28083-exec-5] c.m.b.m.c.config.WebLogAspect:41 - ========================================== Start ==========================================
2023-08-10 16:49:22.645 INFO  [][] [http-nio-28083-exec-5] c.m.b.m.c.config.WebLogAspect:43 - URL            : http://localhost:28083/admin/updatePassword
2023-08-10 16:49:22.646 INFO  [][] [http-nio-28083-exec-5] c.m.b.m.c.config.WebLogAspect:45 - HTTP Method    : PUT
2023-08-10 16:49:22.646 INFO  [][] [http-nio-28083-exec-5] c.m.b.m.c.config.WebLogAspect:47 - Class Method   : com.muyi.blog.my.core.controller.admin.AdminController.updatePassword
2023-08-10 16:49:22.646 INFO  [][] [http-nio-28083-exec-5] c.m.b.m.c.config.WebLogAspect:49 - IP             : 0:0:0:0:0:0:0:1
2023-08-10 16:49:22.646 INFO  [][] [http-nio-28083-exec-5] c.m.b.m.c.config.WebLogAspect:51 - Request Args   : 123456
2023-08-10 16:49:22.649 INFO  [][] [http-nio-28083-exec-5] c.m.b.m.c.config.WebLogAspect:59 - =========================================== End ===========================================
2023-08-10 16:49:22.649 INFO  [][] [http-nio-28083-exec-5] c.m.b.m.c.config.WebLogAspect:61 - 
2023-08-10 16:49:55.406 INFO  [][] [http-nio-28083-exec-6] c.m.b.m.c.config.WebLogAspect:41 - ========================================== Start ==========================================
2023-08-10 16:49:55.406 INFO  [][] [http-nio-28083-exec-6] c.m.b.m.c.config.WebLogAspect:43 - URL            : http://localhost:28083/admin/updatePassword
2023-08-10 16:49:55.406 INFO  [][] [http-nio-28083-exec-6] c.m.b.m.c.config.WebLogAspect:45 - HTTP Method    : PUT
2023-08-10 16:49:55.406 INFO  [][] [http-nio-28083-exec-6] c.m.b.m.c.config.WebLogAspect:47 - Class Method   : com.muyi.blog.my.core.controller.admin.AdminController.updatePassword
2023-08-10 16:49:55.406 INFO  [][] [http-nio-28083-exec-6] c.m.b.m.c.config.WebLogAspect:49 - IP             : 0:0:0:0:0:0:0:1
2023-08-10 16:49:55.406 INFO  [][] [http-nio-28083-exec-6] c.m.b.m.c.config.WebLogAspect:51 - Request Args   : 666666
2023-08-10 16:49:55.408 INFO  [][] [http-nio-28083-exec-6] c.m.b.m.c.config.WebLogAspect:59 - =========================================== End ===========================================
2023-08-10 16:49:55.408 INFO  [][] [http-nio-28083-exec-6] c.m.b.m.c.config.WebLogAspect:61 - 
2023-08-10 16:51:21.552 INFO  [][] [SpringApplicationShutdownHook] c.z.hikari.HikariDataSource:350 - hikariCP - Shutdown initiated...
2023-08-10 16:51:21.555 INFO  [][] [SpringApplicationShutdownHook] c.z.hikari.HikariDataSource:352 - hikariCP - Shutdown completed.
2023-08-10 16:51:27.486 INFO  [][] [main] c.m.b.m.core.MyBlogApplication:55 - Starting MyBlogApplication using Java 1.8.0_311 on LAPTOP-VDID7VDB with PID 24040 (E:\java\myblog\target\classes started by 历川 in E:\java\myblog)
2023-08-10 16:51:27.489 INFO  [][] [main] c.m.b.m.core.MyBlogApplication:634 - No active profile set, falling back to 1 default profile: "default"
2023-08-10 16:51:28.877 WARN  [][] [main] o.s.b.a.t.ThymeleafAutoConfiguration$DefaultTemplateResolverConfiguration:103 - Cannot find template location: classpath:/templates/ (please add some templates, check your Thymeleaf configuration, or set spring.thymeleaf.check-template-location=false)
2023-08-10 16:51:29.026 INFO  [][] [main] c.m.b.m.core.MyBlogApplication:61 - Started MyBlogApplication in 1.789 seconds (JVM running for 2.61)
2023-08-10 16:51:42.387 INFO  [][] [http-nio-28083-exec-1] c.m.b.m.c.config.WebLogAspect:41 - ========================================== Start ==========================================
2023-08-10 16:51:42.388 INFO  [][] [http-nio-28083-exec-1] c.m.b.m.c.config.WebLogAspect:43 - URL            : http://localhost:28083/admin/login
2023-08-10 16:51:42.389 INFO  [][] [http-nio-28083-exec-1] c.m.b.m.c.config.WebLogAspect:45 - HTTP Method    : POST
2023-08-10 16:51:42.390 INFO  [][] [http-nio-28083-exec-1] c.m.b.m.c.config.WebLogAspect:47 - Class Method   : com.muyi.blog.my.core.controller.admin.AdminController.login
2023-08-10 16:51:42.390 INFO  [][] [http-nio-28083-exec-1] c.m.b.m.c.config.WebLogAspect:49 - IP             : 0:0:0:0:0:0:0:1
2023-08-10 16:51:42.390 INFO  [][] [http-nio-28083-exec-1] c.m.b.m.c.config.WebLogAspect:51 - Request Args   : LoginUserVo(username=admin, password=666666, verifyCode=123456)
2023-08-10 16:51:42.407 WARN  [][] [http-nio-28083-exec-1] com.zaxxer.hikari.HikariConfig:1084 - hikariCP - idleTimeout is close to or more than maxLifetime, disabling it.
2023-08-10 16:51:42.407 INFO  [][] [http-nio-28083-exec-1] c.z.hikari.HikariDataSource:110 - hikariCP - Starting...
2023-08-10 16:51:42.513 INFO  [][] [http-nio-28083-exec-1] c.z.hikari.HikariDataSource:123 - hikariCP - Start completed.
2023-08-10 16:51:42.543 INFO  [][] [http-nio-28083-exec-1] c.m.b.m.c.config.WebLogAspect:59 - =========================================== End ===========================================
2023-08-10 16:51:42.543 INFO  [][] [http-nio-28083-exec-1] c.m.b.m.c.config.WebLogAspect:61 - 
2023-08-10 16:51:42.585 INFO  [][] [http-nio-28083-exec-1] c.m.b.m.c.config.WebLogAspect:74 - Response Args  : {"msg":"登录成功","code":200,"data":{"adminUserId":1,"loginUserName":"admin","nickName":"十三","loginPassword":"f379eaf3c831b04de153469d1bec345e","locked":0},"success":true}
2023-08-10 16:51:42.587 INFO  [][] [http-nio-28083-exec-1] c.m.b.m.c.config.WebLogAspect:76 - Time-Consuming : 200 ms
2023-08-10 16:52:02.378 INFO  [][] [SpringApplicationShutdownHook] c.z.hikari.HikariDataSource:350 - hikariCP - Shutdown initiated...
2023-08-10 16:52:02.384 INFO  [][] [SpringApplicationShutdownHook] c.z.hikari.HikariDataSource:352 - hikariCP - Shutdown completed.
2023-08-10 19:20:23.077 INFO  [][] [main] c.m.b.m.core.MyBlogApplication:55 - Starting MyBlogApplication using Java 1.8.0_311 on LAPTOP-VDID7VDB with PID 25072 (E:\java\myblog\target\classes started by 历川 in E:\java\myblog)
2023-08-10 19:20:23.080 INFO  [][] [main] c.m.b.m.core.MyBlogApplication:634 - No active profile set, falling back to 1 default profile: "default"
2023-08-10 19:20:24.608 WARN  [][] [main] o.s.b.a.t.ThymeleafAutoConfiguration$DefaultTemplateResolverConfiguration:103 - Cannot find template location: classpath:/templates/ (please add some templates, check your Thymeleaf configuration, or set spring.thymeleaf.check-template-location=false)
2023-08-10 19:20:24.763 INFO  [][] [main] c.m.b.m.core.MyBlogApplication:61 - Started MyBlogApplication in 1.954 seconds (JVM running for 2.878)
2023-08-10 19:21:56.678 INFO  [][] [main] c.m.b.m.core.MyBlogApplication:55 - Starting MyBlogApplication using Java 1.8.0_311 on LAPTOP-VDID7VDB with PID 11476 (E:\java\myblog\target\classes started by 历川 in E:\java\myblog)
2023-08-10 19:21:56.681 INFO  [][] [main] c.m.b.m.core.MyBlogApplication:634 - No active profile set, falling back to 1 default profile: "default"
2023-08-10 19:21:58.090 WARN  [][] [main] o.s.b.a.t.ThymeleafAutoConfiguration$DefaultTemplateResolverConfiguration:103 - Cannot find template location: classpath:/templates/ (please add some templates, check your Thymeleaf configuration, or set spring.thymeleaf.check-template-location=false)
2023-08-10 19:21:58.252 INFO  [][] [main] c.m.b.m.core.MyBlogApplication:61 - Started MyBlogApplication in 1.822 seconds (JVM running for 2.845)
2023-08-10 19:28:35.948 INFO  [][] [http-nio-28083-exec-2] c.m.b.m.c.config.WebLogAspect:41 - ========================================== Start ==========================================
2023-08-10 19:28:35.948 INFO  [][] [http-nio-28083-exec-2] c.m.b.m.c.config.WebLogAspect:43 - URL            : http://localhost:28083/admin/login
2023-08-10 19:28:35.949 INFO  [][] [http-nio-28083-exec-2] c.m.b.m.c.config.WebLogAspect:45 - HTTP Method    : POST
2023-08-10 19:28:35.950 INFO  [][] [http-nio-28083-exec-2] c.m.b.m.c.config.WebLogAspect:47 - Class Method   : com.muyi.blog.my.core.controller.admin.AdminController.login
2023-08-10 19:28:35.950 INFO  [][] [http-nio-28083-exec-2] c.m.b.m.c.config.WebLogAspect:49 - IP             : 0:0:0:0:0:0:0:1
2023-08-10 19:28:35.951 INFO  [][] [http-nio-28083-exec-2] c.m.b.m.c.config.WebLogAspect:51 - Request Args   : LoginUserVo(username=admin, password=666666, verifyCode=666666)
2023-08-10 19:28:35.955 INFO  [][] [http-nio-28083-exec-2] c.m.b.m.c.config.WebLogAspect:59 - =========================================== End ===========================================
2023-08-10 19:28:35.955 INFO  [][] [http-nio-28083-exec-2] c.m.b.m.c.config.WebLogAspect:61 - 
2023-08-10 19:28:35.994 INFO  [][] [http-nio-28083-exec-2] c.m.b.m.c.config.WebLogAspect:74 - Response Args  : {"msg":"验证码错误","code":500,"success":false}
2023-08-10 19:28:35.995 INFO  [][] [http-nio-28083-exec-2] c.m.b.m.c.config.WebLogAspect:76 - Time-Consuming : 47 ms
2023-08-10 19:28:43.336 INFO  [][] [http-nio-28083-exec-3] c.m.b.m.c.config.WebLogAspect:41 - ========================================== Start ==========================================
2023-08-10 19:28:43.337 INFO  [][] [http-nio-28083-exec-3] c.m.b.m.c.config.WebLogAspect:43 - URL            : http://localhost:28083/admin/login
2023-08-10 19:28:43.337 INFO  [][] [http-nio-28083-exec-3] c.m.b.m.c.config.WebLogAspect:45 - HTTP Method    : POST
2023-08-10 19:28:43.337 INFO  [][] [http-nio-28083-exec-3] c.m.b.m.c.config.WebLogAspect:47 - Class Method   : com.muyi.blog.my.core.controller.admin.AdminController.login
2023-08-10 19:28:43.337 INFO  [][] [http-nio-28083-exec-3] c.m.b.m.c.config.WebLogAspect:49 - IP             : 0:0:0:0:0:0:0:1
2023-08-10 19:28:43.337 INFO  [][] [http-nio-28083-exec-3] c.m.b.m.c.config.WebLogAspect:51 - Request Args   : LoginUserVo(username=admin, password=666666, verifyCode=123456)
2023-08-10 19:28:43.350 WARN  [][] [http-nio-28083-exec-3] com.zaxxer.hikari.HikariConfig:1084 - hikariCP - idleTimeout is close to or more than maxLifetime, disabling it.
2023-08-10 19:28:43.350 INFO  [][] [http-nio-28083-exec-3] c.z.hikari.HikariDataSource:110 - hikariCP - Starting...
2023-08-10 19:28:43.454 INFO  [][] [http-nio-28083-exec-3] c.z.hikari.HikariDataSource:123 - hikariCP - Start completed.
2023-08-10 19:28:43.489 INFO  [][] [http-nio-28083-exec-3] c.m.b.m.c.config.WebLogAspect:59 - =========================================== End ===========================================
2023-08-10 19:28:43.489 INFO  [][] [http-nio-28083-exec-3] c.m.b.m.c.config.WebLogAspect:61 - 
2023-08-10 19:28:43.491 INFO  [][] [http-nio-28083-exec-3] c.m.b.m.c.config.WebLogAspect:74 - Response Args  : {"msg":"登录成功","code":200,"data":{"adminUserId":1,"loginUserName":"admin","nickName":"十三","loginPassword":"f379eaf3c831b04de153469d1bec345e","locked":0},"success":true}
2023-08-10 19:28:43.491 INFO  [][] [http-nio-28083-exec-3] c.m.b.m.c.config.WebLogAspect:76 - Time-Consuming : 155 ms
2023-08-10 19:30:45.754 INFO  [][] [http-nio-28083-exec-7] c.m.b.m.c.config.WebLogAspect:41 - ========================================== Start ==========================================
2023-08-10 19:30:45.755 INFO  [][] [http-nio-28083-exec-7] c.m.b.m.c.config.WebLogAspect:43 - URL            : http://localhost:28083/admin/blogs/list
2023-08-10 19:30:45.755 INFO  [][] [http-nio-28083-exec-7] c.m.b.m.c.config.WebLogAspect:45 - HTTP Method    : GET
2023-08-10 19:30:45.755 INFO  [][] [http-nio-28083-exec-7] c.m.b.m.c.config.WebLogAspect:47 - Class Method   : com.muyi.blog.my.core.controller.admin.BlogController.list
2023-08-10 19:30:45.755 INFO  [][] [http-nio-28083-exec-7] c.m.b.m.c.config.WebLogAspect:49 - IP             : 0:0:0:0:0:0:0:1
2023-08-10 19:30:45.755 INFO  [][] [http-nio-28083-exec-7] c.m.b.m.c.config.WebLogAspect:51 - Request Args   : {}
2023-08-10 19:30:45.757 INFO  [][] [http-nio-28083-exec-7] c.m.b.m.c.config.WebLogAspect:59 - =========================================== End ===========================================
2023-08-10 19:30:45.758 INFO  [][] [http-nio-28083-exec-7] c.m.b.m.c.config.WebLogAspect:61 - 
2023-08-10 19:30:45.758 INFO  [][] [http-nio-28083-exec-7] c.m.b.m.c.config.WebLogAspect:74 - Response Args  : {"msg":"参数异常","code":500,"success":false}
2023-08-10 19:30:45.758 INFO  [][] [http-nio-28083-exec-7] c.m.b.m.c.config.WebLogAspect:76 - Time-Consuming : 4 ms
2023-08-10 19:31:09.510 INFO  [][] [http-nio-28083-exec-8] c.m.b.m.c.config.WebLogAspect:41 - ========================================== Start ==========================================
2023-08-10 19:31:09.511 INFO  [][] [http-nio-28083-exec-8] c.m.b.m.c.config.WebLogAspect:43 - URL            : http://localhost:28083/admin/blogs/list
2023-08-10 19:31:09.511 INFO  [][] [http-nio-28083-exec-8] c.m.b.m.c.config.WebLogAspect:45 - HTTP Method    : GET
2023-08-10 19:31:09.511 INFO  [][] [http-nio-28083-exec-8] c.m.b.m.c.config.WebLogAspect:47 - Class Method   : com.muyi.blog.my.core.controller.admin.BlogController.list
2023-08-10 19:31:09.511 INFO  [][] [http-nio-28083-exec-8] c.m.b.m.c.config.WebLogAspect:49 - IP             : 0:0:0:0:0:0:0:1
2023-08-10 19:31:09.511 INFO  [][] [http-nio-28083-exec-8] c.m.b.m.c.config.WebLogAspect:51 - Request Args   : {}
2023-08-10 19:31:09.511 INFO  [][] [http-nio-28083-exec-8] c.m.b.m.c.config.WebLogAspect:59 - =========================================== End ===========================================
2023-08-10 19:31:09.511 INFO  [][] [http-nio-28083-exec-8] c.m.b.m.c.config.WebLogAspect:61 - 
2023-08-10 19:31:09.512 INFO  [][] [http-nio-28083-exec-8] c.m.b.m.c.config.WebLogAspect:74 - Response Args  : {"msg":"参数异常","code":500,"success":false}
2023-08-10 19:31:09.512 INFO  [][] [http-nio-28083-exec-8] c.m.b.m.c.config.WebLogAspect:76 - Time-Consuming : 2 ms
2023-08-10 19:32:45.718 INFO  [][] [SpringApplicationShutdownHook] c.z.hikari.HikariDataSource:350 - hikariCP - Shutdown initiated...
2023-08-10 19:32:45.720 INFO  [][] [SpringApplicationShutdownHook] c.z.hikari.HikariDataSource:352 - hikariCP - Shutdown completed.
2023-08-10 19:32:51.185 INFO  [][] [main] c.m.b.m.core.MyBlogApplication:55 - Starting MyBlogApplication using Java 1.8.0_311 on LAPTOP-VDID7VDB with PID 23312 (E:\java\myblog\target\classes started by 历川 in E:\java\myblog)
2023-08-10 19:32:51.187 INFO  [][] [main] c.m.b.m.core.MyBlogApplication:634 - No active profile set, falling back to 1 default profile: "default"
2023-08-10 19:32:52.573 WARN  [][] [main] o.s.b.a.t.ThymeleafAutoConfiguration$DefaultTemplateResolverConfiguration:103 - Cannot find template location: classpath:/templates/ (please add some templates, check your Thymeleaf configuration, or set spring.thymeleaf.check-template-location=false)
2023-08-10 19:32:52.721 INFO  [][] [main] c.m.b.m.core.MyBlogApplication:61 - Started MyBlogApplication in 1.779 seconds (JVM running for 2.693)
2023-08-10 19:32:56.504 INFO  [][] [http-nio-28083-exec-2] c.m.b.m.c.config.WebLogAspect:41 - ========================================== Start ==========================================
2023-08-10 19:32:56.504 INFO  [][] [http-nio-28083-exec-2] c.m.b.m.c.config.WebLogAspect:43 - URL            : http://localhost:28083/admin/login
2023-08-10 19:32:56.505 INFO  [][] [http-nio-28083-exec-2] c.m.b.m.c.config.WebLogAspect:45 - HTTP Method    : POST
2023-08-10 19:32:56.506 INFO  [][] [http-nio-28083-exec-2] c.m.b.m.c.config.WebLogAspect:47 - Class Method   : com.muyi.blog.my.core.controller.admin.AdminController.login
2023-08-10 19:32:56.506 INFO  [][] [http-nio-28083-exec-2] c.m.b.m.c.config.WebLogAspect:49 - IP             : 0:0:0:0:0:0:0:1
2023-08-10 19:32:56.506 INFO  [][] [http-nio-28083-exec-2] c.m.b.m.c.config.WebLogAspect:51 - Request Args   : LoginUserVo(username=admin, password=666666, verifyCode=123456)
2023-08-10 19:32:56.521 WARN  [][] [http-nio-28083-exec-2] com.zaxxer.hikari.HikariConfig:1084 - hikariCP - idleTimeout is close to or more than maxLifetime, disabling it.
2023-08-10 19:32:56.522 INFO  [][] [http-nio-28083-exec-2] c.z.hikari.HikariDataSource:110 - hikariCP - Starting...
2023-08-10 19:32:56.619 INFO  [][] [http-nio-28083-exec-2] c.z.hikari.HikariDataSource:123 - hikariCP - Start completed.
2023-08-10 19:32:56.652 INFO  [][] [http-nio-28083-exec-2] c.m.b.m.c.config.WebLogAspect:59 - =========================================== End ===========================================
2023-08-10 19:32:56.652 INFO  [][] [http-nio-28083-exec-2] c.m.b.m.c.config.WebLogAspect:61 - 
2023-08-10 19:32:56.692 INFO  [][] [http-nio-28083-exec-2] c.m.b.m.c.config.WebLogAspect:74 - Response Args  : {"msg":"登录成功","code":200,"data":{"adminUserId":1,"loginUserName":"admin","nickName":"十三","loginPassword":"f379eaf3c831b04de153469d1bec345e","locked":0},"success":true}
2023-08-10 19:32:56.693 INFO  [][] [http-nio-28083-exec-2] c.m.b.m.c.config.WebLogAspect:76 - Time-Consuming : 189 ms
2023-08-10 19:33:19.308 INFO  [][] [http-nio-28083-exec-4] c.m.b.m.c.config.WebLogAspect:41 - ========================================== Start ==========================================
2023-08-10 19:33:19.308 INFO  [][] [http-nio-28083-exec-4] c.m.b.m.c.config.WebLogAspect:43 - URL            : http://localhost:28083/admin/blogs/list
2023-08-10 19:33:19.308 INFO  [][] [http-nio-28083-exec-4] c.m.b.m.c.config.WebLogAspect:45 - HTTP Method    : GET
2023-08-10 19:33:19.308 INFO  [][] [http-nio-28083-exec-4] c.m.b.m.c.config.WebLogAspect:47 - Class Method   : com.muyi.blog.my.core.controller.admin.BlogController.list
2023-08-10 19:33:19.308 INFO  [][] [http-nio-28083-exec-4] c.m.b.m.c.config.WebLogAspect:49 - IP             : 0:0:0:0:0:0:0:1
2023-08-10 19:33:19.308 INFO  [][] [http-nio-28083-exec-4] c.m.b.m.c.config.WebLogAspect:51 - Request Args   : {page=1, limit=1}
2023-08-10 19:33:19.346 INFO  [][] [http-nio-28083-exec-4] c.m.b.m.c.config.WebLogAspect:59 - =========================================== End ===========================================
2023-08-10 19:33:19.347 INFO  [][] [http-nio-28083-exec-4] c.m.b.m.c.config.WebLogAspect:61 - 
2023-08-10 19:33:19.351 INFO  [][] [http-nio-28083-exec-4] c.m.b.m.c.config.WebLogAspect:74 - Response Args  : {"msg":"查询成功！！！","code":200,"data":{"currPage":1,"totalPage":4,"pageSize":1,"list":[{"enableComment":0,"blogStatus":1,"blogCategoryId":24,"blogTags":"SpringBoot,入门教程,实战教程,spring-boot企业级开发","updateTime":1557741534000,"blogTitle":"SpringBoot系列教程","blogSubUrl":"","blogCategoryName":"日常随笔","isDeleted":0,"createTime":1557741534000,"blogViews":11,"blogCoverImage":"/admin/dist/img/rand/29.jpg","blogId":4}],"totalCount":4},"success":true}
2023-08-10 19:33:19.352 INFO  [][] [http-nio-28083-exec-4] c.m.b.m.c.config.WebLogAspect:76 - Time-Consuming : 44 ms
2023-08-10 19:37:06.456 INFO  [][] [SpringApplicationShutdownHook] c.z.hikari.HikariDataSource:350 - hikariCP - Shutdown initiated...
2023-08-10 19:37:06.459 INFO  [][] [SpringApplicationShutdownHook] c.z.hikari.HikariDataSource:352 - hikariCP - Shutdown completed.
2023-08-10 21:03:32.352 INFO  [][] [main] c.m.b.m.core.MyBlogApplication:55 - Starting MyBlogApplication using Java 1.8.0_311 on LAPTOP-VDID7VDB with PID 1424 (E:\java\myblog\target\classes started by 历川 in E:\java\myblog)
2023-08-10 21:03:32.355 INFO  [][] [main] c.m.b.m.core.MyBlogApplication:634 - No active profile set, falling back to 1 default profile: "default"
2023-08-10 21:03:34.041 WARN  [][] [main] o.s.b.a.t.ThymeleafAutoConfiguration$DefaultTemplateResolverConfiguration:103 - Cannot find template location: classpath:/templates/ (please add some templates, check your Thymeleaf configuration, or set spring.thymeleaf.check-template-location=false)
2023-08-10 21:03:34.204 INFO  [][] [main] c.m.b.m.core.MyBlogApplication:61 - Started MyBlogApplication in 2.132 seconds (JVM running for 3.139)
2023-08-10 21:03:51.784 INFO  [][] [http-nio-28083-exec-2] c.m.b.m.c.config.WebLogAspect:41 - ========================================== Start ==========================================
2023-08-10 21:03:51.785 INFO  [][] [http-nio-28083-exec-2] c.m.b.m.c.config.WebLogAspect:43 - URL            : http://localhost:28083/admin/login
2023-08-10 21:03:51.785 INFO  [][] [http-nio-28083-exec-2] c.m.b.m.c.config.WebLogAspect:45 - HTTP Method    : POST
2023-08-10 21:03:51.786 INFO  [][] [http-nio-28083-exec-2] c.m.b.m.c.config.WebLogAspect:47 - Class Method   : com.muyi.blog.my.core.controller.admin.AdminController.login
2023-08-10 21:03:51.787 INFO  [][] [http-nio-28083-exec-2] c.m.b.m.c.config.WebLogAspect:49 - IP             : 0:0:0:0:0:0:0:1
2023-08-10 21:03:51.787 INFO  [][] [http-nio-28083-exec-2] c.m.b.m.c.config.WebLogAspect:51 - Request Args   : LoginUserVo(username=admin, password=666666, verifyCode=123456)
2023-08-10 21:03:51.805 WARN  [][] [http-nio-28083-exec-2] com.zaxxer.hikari.HikariConfig:1084 - hikariCP - idleTimeout is close to or more than maxLifetime, disabling it.
2023-08-10 21:03:51.805 INFO  [][] [http-nio-28083-exec-2] c.z.hikari.HikariDataSource:110 - hikariCP - Starting...
2023-08-10 21:03:51.985 INFO  [][] [http-nio-28083-exec-2] c.z.hikari.HikariDataSource:123 - hikariCP - Start completed.
2023-08-10 21:03:52.035 INFO  [][] [http-nio-28083-exec-2] c.m.b.m.c.config.WebLogAspect:59 - =========================================== End ===========================================
2023-08-10 21:03:52.035 INFO  [][] [http-nio-28083-exec-2] c.m.b.m.c.config.WebLogAspect:61 - 
2023-08-10 21:03:52.084 INFO  [][] [http-nio-28083-exec-2] c.m.b.m.c.config.WebLogAspect:74 - Response Args  : {"msg":"登录成功","code":200,"data":{"adminUserId":1,"loginUserName":"admin","nickName":"十三","loginPassword":"f379eaf3c831b04de153469d1bec345e","locked":0},"success":true}
2023-08-10 21:03:52.084 INFO  [][] [http-nio-28083-exec-2] c.m.b.m.c.config.WebLogAspect:76 - Time-Consuming : 300 ms
2023-08-10 21:04:34.465 INFO  [][] [http-nio-28083-exec-3] c.m.b.m.c.config.WebLogAspect:41 - ========================================== Start ==========================================
2023-08-10 21:04:34.465 INFO  [][] [http-nio-28083-exec-3] c.m.b.m.c.config.WebLogAspect:43 - URL            : http://localhost:28083/admin/updateNickname
2023-08-10 21:04:34.466 INFO  [][] [http-nio-28083-exec-3] c.m.b.m.c.config.WebLogAspect:45 - HTTP Method    : PUT
2023-08-10 21:04:34.466 INFO  [][] [http-nio-28083-exec-3] c.m.b.m.c.config.WebLogAspect:47 - Class Method   : com.muyi.blog.my.core.controller.admin.AdminController.updateNickName
2023-08-10 21:04:34.466 INFO  [][] [http-nio-28083-exec-3] c.m.b.m.c.config.WebLogAspect:49 - IP             : 0:0:0:0:0:0:0:1
2023-08-10 21:04:34.466 INFO  [][] [http-nio-28083-exec-3] c.m.b.m.c.config.WebLogAspect:51 - Request Args   : 木易
2023-08-10 21:04:34.498 INFO  [][] [http-nio-28083-exec-3] c.m.b.m.c.config.WebLogAspect:59 - =========================================== End ===========================================
2023-08-10 21:04:34.499 INFO  [][] [http-nio-28083-exec-3] c.m.b.m.c.config.WebLogAspect:61 - 
2023-08-10 21:04:34.499 INFO  [][] [http-nio-28083-exec-3] c.m.b.m.c.config.WebLogAspect:74 - Response Args  : {"msg":"修改成功","code":200,"success":true}
2023-08-10 21:04:34.499 INFO  [][] [http-nio-28083-exec-3] c.m.b.m.c.config.WebLogAspect:76 - Time-Consuming : 34 ms
2023-08-10 21:04:56.326 INFO  [][] [http-nio-28083-exec-4] c.m.b.m.c.config.WebLogAspect:41 - ========================================== Start ==========================================
2023-08-10 21:04:56.326 INFO  [][] [http-nio-28083-exec-4] c.m.b.m.c.config.WebLogAspect:43 - URL            : http://localhost:28083/admin/login
2023-08-10 21:04:56.327 INFO  [][] [http-nio-28083-exec-4] c.m.b.m.c.config.WebLogAspect:45 - HTTP Method    : POST
2023-08-10 21:04:56.327 INFO  [][] [http-nio-28083-exec-4] c.m.b.m.c.config.WebLogAspect:47 - Class Method   : com.muyi.blog.my.core.controller.admin.AdminController.login
2023-08-10 21:04:56.327 INFO  [][] [http-nio-28083-exec-4] c.m.b.m.c.config.WebLogAspect:49 - IP             : 0:0:0:0:0:0:0:1
2023-08-10 21:04:56.327 INFO  [][] [http-nio-28083-exec-4] c.m.b.m.c.config.WebLogAspect:51 - Request Args   : LoginUserVo(username=admin, password=666666, verifyCode=123456)
2023-08-10 21:04:56.332 INFO  [][] [http-nio-28083-exec-4] c.m.b.m.c.config.WebLogAspect:59 - =========================================== End ===========================================
2023-08-10 21:04:56.332 INFO  [][] [http-nio-28083-exec-4] c.m.b.m.c.config.WebLogAspect:61 - 
2023-08-10 21:04:56.332 INFO  [][] [http-nio-28083-exec-4] c.m.b.m.c.config.WebLogAspect:74 - Response Args  : {"msg":"登录成功","code":200,"data":{"adminUserId":1,"loginUserName":"admin","nickName":"木易","loginPassword":"f379eaf3c831b04de153469d1bec345e","locked":0},"success":true}
2023-08-10 21:04:56.332 INFO  [][] [http-nio-28083-exec-4] c.m.b.m.c.config.WebLogAspect:76 - Time-Consuming : 6 ms
2023-08-10 21:05:55.087 INFO  [][] [http-nio-28083-exec-5] c.m.b.m.c.config.WebLogAspect:41 - ========================================== Start ==========================================
2023-08-10 21:05:55.088 INFO  [][] [http-nio-28083-exec-5] c.m.b.m.c.config.WebLogAspect:43 - URL            : http://localhost:28083/admin/blog/edit
2023-08-10 21:05:55.088 INFO  [][] [http-nio-28083-exec-5] c.m.b.m.c.config.WebLogAspect:45 - HTTP Method    : GET
2023-08-10 21:05:55.088 INFO  [][] [http-nio-28083-exec-5] c.m.b.m.c.config.WebLogAspect:47 - Class Method   : com.muyi.blog.my.core.controller.admin.BlogController.edit
2023-08-10 21:05:55.088 INFO  [][] [http-nio-28083-exec-5] c.m.b.m.c.config.WebLogAspect:49 - IP             : 0:0:0:0:0:0:0:1
2023-08-10 21:05:55.088 INFO  [][] [http-nio-28083-exec-5] c.m.b.m.c.config.WebLogAspect:51 - Request Args   : {}
2023-08-10 21:05:55.123 INFO  [][] [http-nio-28083-exec-5] c.m.b.m.c.config.WebLogAspect:59 - =========================================== End ===========================================
2023-08-10 21:05:55.124 INFO  [][] [http-nio-28083-exec-5] c.m.b.m.c.config.WebLogAspect:61 - 
2023-08-10 21:05:55.127 INFO  [][] [http-nio-28083-exec-5] c.m.b.m.c.config.WebLogAspect:74 - Response Args  : {"msg":"查询成功！！！","code":200,"data":[{"isDeleted":0,"categoryIcon":"/admin/dist/img/category/06.png","createTime":1542019401000,"categoryRank":22,"categoryName":"日常随笔","categoryId":24},{"isDeleted":0,"categoryIcon":"/admin/dist/img/category/02.png","createTime":1542019345000,"categoryRank":19,"categoryName":"SSM整合进阶篇","categoryId":22},{"isDeleted":0,"categoryIcon":"/admin/dist/img/category/10.png","createTime":1541982529000,"categoryRank":8,"categoryName":"About","categoryId":20}],"success":true}
2023-08-10 21:05:55.128 INFO  [][] [http-nio-28083-exec-5] c.m.b.m.c.config.WebLogAspect:76 - Time-Consuming : 41 ms
2023-08-10 21:08:49.918 INFO  [][] [http-nio-28083-exec-9] c.m.b.m.c.config.WebLogAspect:41 - ========================================== Start ==========================================
2023-08-10 21:08:49.918 INFO  [][] [http-nio-28083-exec-9] c.m.b.m.c.config.WebLogAspect:43 - URL            : http://localhost:28083/admin/blog/edit/1
2023-08-10 21:08:49.918 INFO  [][] [http-nio-28083-exec-9] c.m.b.m.c.config.WebLogAspect:45 - HTTP Method    : GET
2023-08-10 21:08:49.919 INFO  [][] [http-nio-28083-exec-9] c.m.b.m.c.config.WebLogAspect:47 - Class Method   : com.muyi.blog.my.core.controller.admin.BlogController.edit
2023-08-10 21:08:49.919 INFO  [][] [http-nio-28083-exec-9] c.m.b.m.c.config.WebLogAspect:49 - IP             : 0:0:0:0:0:0:0:1
2023-08-10 21:08:49.919 INFO  [][] [http-nio-28083-exec-9] c.m.b.m.c.config.WebLogAspect:51 - Request Args   : 1
2023-08-10 21:08:49.928 INFO  [][] [http-nio-28083-exec-9] c.m.b.m.c.config.WebLogAspect:59 - =========================================== End ===========================================
2023-08-10 21:08:49.928 INFO  [][] [http-nio-28083-exec-9] c.m.b.m.c.config.WebLogAspect:61 - 
2023-08-10 21:08:49.928 INFO  [][] [http-nio-28083-exec-9] c.m.b.m.c.config.WebLogAspect:74 - Response Args  : {"msg":"该博客不存在！！！","code":500,"success":false}
2023-08-10 21:08:49.928 INFO  [][] [http-nio-28083-exec-9] c.m.b.m.c.config.WebLogAspect:76 - Time-Consuming : 10 ms
2023-08-10 21:14:02.075 INFO  [][] [SpringApplicationShutdownHook] c.z.hikari.HikariDataSource:350 - hikariCP - Shutdown initiated...
2023-08-10 21:14:02.077 INFO  [][] [SpringApplicationShutdownHook] c.z.hikari.HikariDataSource:352 - hikariCP - Shutdown completed.
2023-08-10 21:14:07.407 INFO  [][] [main] c.m.b.m.core.MyBlogApplication:55 - Starting MyBlogApplication using Java 1.8.0_311 on LAPTOP-VDID7VDB with PID 20528 (E:\java\myblog\target\classes started by 历川 in E:\java\myblog)
2023-08-10 21:14:07.410 INFO  [][] [main] c.m.b.m.core.MyBlogApplication:634 - No active profile set, falling back to 1 default profile: "default"
2023-08-10 21:14:08.850 WARN  [][] [main] o.s.b.a.t.ThymeleafAutoConfiguration$DefaultTemplateResolverConfiguration:103 - Cannot find template location: classpath:/templates/ (please add some templates, check your Thymeleaf configuration, or set spring.thymeleaf.check-template-location=false)
2023-08-10 21:14:09.009 INFO  [][] [main] c.m.b.m.core.MyBlogApplication:61 - Started MyBlogApplication in 1.883 seconds (JVM running for 2.843)
2023-08-10 21:14:11.810 INFO  [][] [http-nio-28083-exec-1] c.m.b.m.c.config.WebLogAspect:41 - ========================================== Start ==========================================
2023-08-10 21:14:11.810 INFO  [][] [http-nio-28083-exec-1] c.m.b.m.c.config.WebLogAspect:43 - URL            : http://localhost:28083/admin/login
2023-08-10 21:14:11.811 INFO  [][] [http-nio-28083-exec-1] c.m.b.m.c.config.WebLogAspect:45 - HTTP Method    : POST
2023-08-10 21:14:11.812 INFO  [][] [http-nio-28083-exec-1] c.m.b.m.c.config.WebLogAspect:47 - Class Method   : com.muyi.blog.my.core.controller.admin.AdminController.login
2023-08-10 21:14:11.812 INFO  [][] [http-nio-28083-exec-1] c.m.b.m.c.config.WebLogAspect:49 - IP             : 0:0:0:0:0:0:0:1
2023-08-10 21:14:11.812 INFO  [][] [http-nio-28083-exec-1] c.m.b.m.c.config.WebLogAspect:51 - Request Args   : LoginUserVo(username=admin, password=666666, verifyCode=123456)
2023-08-10 21:14:11.829 WARN  [][] [http-nio-28083-exec-1] com.zaxxer.hikari.HikariConfig:1084 - hikariCP - idleTimeout is close to or more than maxLifetime, disabling it.
2023-08-10 21:14:11.830 INFO  [][] [http-nio-28083-exec-1] c.z.hikari.HikariDataSource:110 - hikariCP - Starting...
2023-08-10 21:14:11.932 INFO  [][] [http-nio-28083-exec-1] c.z.hikari.HikariDataSource:123 - hikariCP - Start completed.
2023-08-10 21:14:11.962 INFO  [][] [http-nio-28083-exec-1] c.m.b.m.c.config.WebLogAspect:59 - =========================================== End ===========================================
2023-08-10 21:14:11.963 INFO  [][] [http-nio-28083-exec-1] c.m.b.m.c.config.WebLogAspect:61 - 
2023-08-10 21:14:12.003 INFO  [][] [http-nio-28083-exec-1] c.m.b.m.c.config.WebLogAspect:74 - Response Args  : {"msg":"登录成功","code":200,"data":{"adminUserId":1,"loginUserName":"admin","nickName":"木易","loginPassword":"f379eaf3c831b04de153469d1bec345e","locked":0},"success":true}
2023-08-10 21:14:12.005 INFO  [][] [http-nio-28083-exec-1] c.m.b.m.c.config.WebLogAspect:76 - Time-Consuming : 195 ms
2023-08-10 21:14:27.874 INFO  [][] [http-nio-28083-exec-3] c.m.b.m.c.config.WebLogAspect:41 - ========================================== Start ==========================================
2023-08-10 21:14:27.875 INFO  [][] [http-nio-28083-exec-3] c.m.b.m.c.config.WebLogAspect:43 - URL            : http://localhost:28083/admin/blog/edit/1
2023-08-10 21:14:27.875 INFO  [][] [http-nio-28083-exec-3] c.m.b.m.c.config.WebLogAspect:45 - HTTP Method    : GET
2023-08-10 21:14:27.875 INFO  [][] [http-nio-28083-exec-3] c.m.b.m.c.config.WebLogAspect:47 - Class Method   : com.muyi.blog.my.core.controller.admin.BlogController.edit
2023-08-10 21:14:27.875 INFO  [][] [http-nio-28083-exec-3] c.m.b.m.c.config.WebLogAspect:49 - IP             : 0:0:0:0:0:0:0:1
2023-08-10 21:14:27.875 INFO  [][] [http-nio-28083-exec-3] c.m.b.m.c.config.WebLogAspect:51 - Request Args   : 1
2023-08-10 21:14:27.894 INFO  [][] [http-nio-28083-exec-3] c.m.b.m.c.config.WebLogAspect:59 - =========================================== End ===========================================
2023-08-10 21:14:27.894 INFO  [][] [http-nio-28083-exec-3] c.m.b.m.c.config.WebLogAspect:61 - 
2023-08-10 21:14:27.895 INFO  [][] [http-nio-28083-exec-3] c.m.b.m.c.config.WebLogAspect:74 - Response Args  : {"msg":"编辑成功","code":200,"success":true}
2023-08-10 21:14:27.895 INFO  [][] [http-nio-28083-exec-3] c.m.b.m.c.config.WebLogAspect:76 - Time-Consuming : 21 ms
2023-08-10 21:15:00.506 INFO  [][] [SpringApplicationShutdownHook] c.z.hikari.HikariDataSource:350 - hikariCP - Shutdown initiated...
2023-08-10 21:15:00.508 INFO  [][] [SpringApplicationShutdownHook] c.z.hikari.HikariDataSource:352 - hikariCP - Shutdown completed.
